#
# A fatal error has been detected by the Java Runtime Environment:
#
#  SIGSEGV (0xb) at pc=0x000000011db75d06, pid=9324, tid=0x0000000000001903
#
# JRE version: Java(TM) SE Runtime Environment (8.0_131-b11) (build 1.8.0_131-b11)
# Java VM: Java HotSpot(TM) 64-Bit Server VM (25.131-b11 mixed mode bsd-amd64 compressed oops)
# Problematic frame:
# C  [libortools.dylib+0x52ed06]  _Z8CbcMain1iPPKcR8CbcModelPFiPS2_iER19CbcSolverUsefulData+0x6036
#
# Failed to write core dump. Core dumps have been disabled. To enable core dumping, try "ulimit -c unlimited" before starting Java again
#
# If you would like to submit a bug report, please visit:
#   http://bugreport.java.com/bugreport/crash.jsp
# The crash happened outside the Java Virtual Machine in native code.
# See problematic frame for where to report the bug.
#

---------------  T H R E A D  ---------------

Current thread (0x00007f936b807800):  JavaThread "main" [_thread_in_native, id=6403, stack(0x000070000d669000,0x000070000d769000)]

siginfo: si_signo: 11 (SIGSEGV), si_code: 1 (SEGV_MAPERR), si_addr: 0x00000000000001ec

Registers:
RAX=0x0000000000000000, RBX=0x0000000000000000, RCX=0x000000011db75cff, RDX=0x0000000000000000
RSP=0x000070000d659750, RBP=0x000070000d75b290, RSI=0x00007f936bff7aa8, RDI=0x00007f936bff7800
R8 =0x0000000000000000, R9 =0x0000000000000009, R10=0x000000000000000b, R11=0x0000000006b22000
R12=0x00007f936bff7800, R13=0x00007f93737f7600, R14=0x00007f936bff7aa8, R15=0x0000000000000000
RIP=0x000000011db75d06, EFLAGS=0x0000000000010246, ERR=0x0000000000000006
  TRAPNO=0x000000000000000e

Top of Stack: (sp=0x000070000d659750)
0x000070000d659750:   00000000ffffffff 00000000ffffffff
0x000070000d659760:   00000000ffffffff 00000000ffffffff
0x000070000d659770:   0000000000000000 0000000000000000
0x000070000d659780:   0000000000000000 0000000000000000
0x000070000d659790:   0000000000000000 0000000000000000
0x000070000d6597a0:   0000000000000000 0000000000000000
0x000070000d6597b0:   0000000000000000 0000000000000000
0x000070000d6597c0:   0000000000000000 0000000000000000
0x000070000d6597d0:   0000000000000000 0000000000000000
0x000070000d6597e0:   0000000000000000 0000000000000000
0x000070000d6597f0:   0000000000000000 0000000000000000
0x000070000d659800:   0000000000000000 0000000000000000
0x000070000d659810:   0000000000000000 0000000000000000
0x000070000d659820:   0000000000000000 0000000000000000
0x000070000d659830:   0000000000000000 0000000000000000
0x000070000d659840:   0000000000000000 0000000000000000
0x000070000d659850:   0000000000000000 0000000000000000
0x000070000d659860:   0000000000000000 0000000000000000
0x000070000d659870:   0000000000000000 0000000000000000
0x000070000d659880:   0000000000000000 0000000000000000
0x000070000d659890:   0000000000000000 0000000000000000
0x000070000d6598a0:   0000000000000000 0000000000000000
0x000070000d6598b0:   0000000000000000 0000000000000000
0x000070000d6598c0:   0000000000000000 0000000000000000
0x000070000d6598d0:   0000000000000000 0000000000000000
0x000070000d6598e0:   0000000000000000 0000000000000000
0x000070000d6598f0:   0000000000000000 0000000000000000
0x000070000d659900:   0000000000000000 0000000000000000
0x000070000d659910:   0000000000000000 0000000000000000
0x000070000d659920:   0000000000000000 0000000000000000
0x000070000d659930:   0000000000000000 0000000000000000
0x000070000d659940:   0000000000000000 0000000000000000 

Instructions: (pc=0x000000011db75d06)
0x000000011db75ce6:   07 00 00 00 eb 13 83 f8 09 0f 94 c0 44 0f b6 f8
0x000000011db75cf6:   41 83 c7 03 bb 01 00 00 00 48 89 95 30 ee ef ff
0x000000011db75d06:   89 9a ec 01 00 00 44 89 ba f0 01 00 00 4c 89 e7
0x000000011db75d16:   48 89 bd e8 ea ef ff 48 8b 07 48 8b 80 40 01 00 

Register to memory mapping:

RAX=0x0000000000000000 is an unknown value
RBX=0x0000000000000000 is an unknown value
RCX=0x000000011db75cff: _Z8CbcMain1iPPKcR8CbcModelPFiPS2_iER19CbcSolverUsefulData+0x602f in /Users/avisentin/or-tools/lib/libortools.dylib at 0x000000011d647000
RDX=0x0000000000000000 is an unknown value
RSP=0x000070000d659750 is an unknown value
RBP=0x000070000d75b290 is pointing into the stack for thread: 0x00007f936b807800
RSI=0x00007f936bff7aa8 is an unknown value
RDI=0x00007f936bff7800 is an unknown value
R8 =0x0000000000000000 is an unknown value
R9 =0x0000000000000009 is an unknown value
R10=0x000000000000000b is an unknown value
R11=0x0000000006b22000 is an unknown value
R12=0x00007f936bff7800 is an unknown value
R13=0x00007f93737f7600 is an unknown value
R14=0x00007f936bff7aa8 is an unknown value
R15=0x0000000000000000 is an unknown value


Stack: [0x000070000d669000,0x000070000d769000],  sp=0x000070000d659750,  free space=18014398509481921k
Native frames: (J=compiled Java code, j=interpreted, Vv=VM code, C=native code)
C  [libortools.dylib+0x52ed06]  _Z8CbcMain1iPPKcR8CbcModelPFiPS2_iER19CbcSolverUsefulData+0x6036
C  [libortools.dylib+0x5286e9]  _Z8callCbc1PKcR8CbcModelPFiPS1_iER19CbcSolverUsefulData+0x459
C  [libortools.dylib+0x52616e]  _Z7callCbcPKcR8CbcModel+0x9e
C  [libortools.dylib+0x2833c4]  _ZN19operations_research12CBCInterface5SolveERKNS_18MPSolverParametersE+0x6e4
C  [libortools.dylib+0x28dbab]  _ZN19operations_research8MPSolver5SolveERKNS_18MPSolverParametersE+0x3b
C  [libortools.dylib+0x28c629]  _ZN19operations_research8MPSolver5SolveEv+0x39
j  com.google.ortools.linearsolver.operations_research_linear_solverJNI.MPSolver_solve__SWIG_0(JLcom/google/ortools/linearsolver/MPSolver;)I+0
j  com.google.ortools.linearsolver.MPSolver.solve()Lcom/google/ortools/linearsolver/MPSolver$ResultStatus;+5
J 458 C2 solver.KnapsackDPencodedMIP.solve([I[II)V (421 bytes) @ 0x000000010a8a6818 [0x000000010a8a6540+0x2d8]
j  main.main([Ljava/lang/String;)V+322
v  ~StubRoutines::call_stub
V  [libjvm.dylib+0x2ee5b6]
V  [libjvm.dylib+0x3253ce]
V  [libjvm.dylib+0x31e145]
C  [java+0x3931]  JavaMain+0x9c4
C  [libsystem_pthread.dylib+0x3661]  _pthread_body+0x154
C  [libsystem_pthread.dylib+0x350d]  _pthread_body+0x0
C  [libsystem_pthread.dylib+0x2bf9]  thread_start+0xd
C  0x0000000000000000

Java frames: (J=compiled Java code, j=interpreted, Vv=VM code)
j  com.google.ortools.linearsolver.operations_research_linear_solverJNI.MPSolver_solve__SWIG_0(JLcom/google/ortools/linearsolver/MPSolver;)I+0
j  com.google.ortools.linearsolver.MPSolver.solve()Lcom/google/ortools/linearsolver/MPSolver$ResultStatus;+5
J 458 C2 solver.KnapsackDPencodedMIP.solve([I[II)V (421 bytes) @ 0x000000010a8a6818 [0x000000010a8a6540+0x2d8]
j  main.main([Ljava/lang/String;)V+322
v  ~StubRoutines::call_stub

---------------  P R O C E S S  ---------------

Java Threads: ( => current thread )
  0x00007f936a0e1800 JavaThread "Service Thread" daemon [_thread_blocked, id=14851, stack(0x000070000e390000,0x000070000e490000)]
  0x00007f936a897800 JavaThread "C1 CompilerThread2" daemon [_thread_blocked, id=17923, stack(0x000070000e28d000,0x000070000e38d000)]
  0x00007f936a88f000 JavaThread "C2 CompilerThread1" daemon [_thread_blocked, id=18179, stack(0x000070000e18a000,0x000070000e28a000)]
  0x00007f936a0c6000 JavaThread "C2 CompilerThread0" daemon [_thread_blocked, id=14339, stack(0x000070000e087000,0x000070000e187000)]
  0x00007f936b866000 JavaThread "Monitor Ctrl-Break" daemon [_thread_in_native, id=18691, stack(0x000070000df84000,0x000070000e084000)]
  0x00007f936a809800 JavaThread "Signal Dispatcher" daemon [_thread_blocked, id=19467, stack(0x000070000de81000,0x000070000df81000)]
  0x00007f936a021800 JavaThread "Finalizer" daemon [_thread_blocked, id=20995, stack(0x000070000dd7e000,0x000070000de7e000)]
  0x00007f936b051800 JavaThread "Reference Handler" daemon [_thread_blocked, id=12035, stack(0x000070000dc7b000,0x000070000dd7b000)]
=>0x00007f936b807800 JavaThread "main" [_thread_in_native, id=6403, stack(0x000070000d669000,0x000070000d769000)]

Other Threads:
  0x00007f936b003000 VMThread [stack: 0x000070000db78000,0x000070000dc78000] [id=21507]
  0x00007f936a8c8800 WatcherThread [stack: 0x000070000e493000,0x000070000e593000] [id=15363]

VM state:not at safepoint (normal execution)

VM Mutex/Monitor currently owned by a thread: None

Heap:
 PSYoungGen      total 64000K, used 34514K [0x0000000795580000, 0x000000079df80000, 0x00000007c0000000)
  eden space 34816K, 15% used [0x0000000795580000,0x0000000795aef498,0x0000000797780000)
  from space 29184K, 99% used [0x0000000797800000,0x00000007994456b0,0x0000000799480000)
  to   space 53248K, 0% used [0x000000079ab80000,0x000000079ab80000,0x000000079df80000)
 ParOldGen       total 199168K, used 114814K [0x0000000740000000, 0x000000074c280000, 0x0000000795580000)
  object space 199168K, 57% used [0x0000000740000000,0x000000074701fa08,0x000000074c280000)
 Metaspace       used 5333K, capacity 5562K, committed 5760K, reserved 1056768K
  class space    used 544K, capacity 603K, committed 640K, reserved 1048576K

Card table byte_map: [0x0000000106163000,0x0000000106564000] byte_map_base: 0x0000000102763000

Marking Bits: (ParMarkBitMap*) 0x00000001056f1ea0
 Begin Bits: [0x0000000119647000, 0x000000011b647000)
 End Bits:   [0x000000011b647000, 0x000000011d647000)

Polling page: 0x000000010448c000

CodeCache: size=245760Kb used=2485Kb max_used=2495Kb free=243274Kb
 bounds [0x000000010a647000, 0x000000010a8c7000, 0x0000000119647000]
 total_blobs=895 nmethods=475 adapters=334
 compilation: enabled

Compilation events (10 events):
Event: 526.981 Thread 0x00007f936a0c6000  471       4       com.google.ortools.linearsolver.MPVariable::finalize (5 bytes)
Event: 526.985 Thread 0x00007f936a0c6000 nmethod 471 0x000000010a8aa510 code [0x000000010a8aa660, 0x000000010a8aa8b8]
Event: 531.103 Thread 0x00007f936a897800  472       3       solver.KnapsackCPandDPgooglev3$1::compare (13 bytes)
Event: 531.103 Thread 0x00007f936a897800 nmethod 472 0x000000010a89d4d0 code [0x000000010a89d680, 0x000000010a89dcb0]
Event: 531.103 Thread 0x00007f936a897800  473       3       solver.KnapsackCPandDPgooglev3$1::compare (22 bytes)
Event: 531.103 Thread 0x00007f936a897800 nmethod 473 0x000000010a89cdd0 code [0x000000010a89cf60, 0x000000010a89d350]
Event: 533.743 Thread 0x00007f936a88f000  474       4       java.util.Arrays::fill (21 bytes)
Event: 533.744 Thread 0x00007f936a88f000 nmethod 474 0x000000010a8aa290 code [0x000000010a8aa3e0, 0x000000010a8aa478]
Event: 533.805 Thread 0x00007f936a897800  475       3       java.nio.ByteBuffer::array (35 bytes)
Event: 533.805 Thread 0x00007f936a897800 nmethod 475 0x000000010a89c850 code [0x000000010a89c9e0, 0x000000010a89cc98]

GC Heap History (10 events):
Event: 520.237 GC heap before
{Heap before GC invocations=9 (full 1):
 PSYoungGen      total 69632K, used 62128K [0x0000000795580000, 0x000000079c400000, 0x00000007c0000000)
  eden space 29184K, 100% used [0x0000000795580000,0x0000000797200000,0x0000000797200000)
  from space 40448K, 81% used [0x0000000797280000,0x00000007992ac050,0x0000000799a00000)
  to   space 41984K, 0% used [0x0000000799b00000,0x0000000799b00000,0x000000079c400000)
 ParOldGen       total 137728K, used 99713K [0x0000000740000000, 0x0000000748680000, 0x0000000795580000)
  object space 137728K, 72% used [0x0000000740000000,0x00000007461606b8,0x0000000748680000)
 Metaspace       used 5330K, capacity 5562K, committed 5760K, reserved 1056768K
  class space    used 544K, capacity 603K, committed 640K, reserved 1048576K
Event: 520.369 GC heap after
Heap after GC invocations=9 (full 1):
 PSYoungGen      total 66560K, used 41120K [0x0000000795580000, 0x000000079cc80000, 0x00000007c0000000)
  eden space 24576K, 0% used [0x0000000795580000,0x0000000795580000,0x0000000796d80000)
  from space 41984K, 97% used [0x0000000799b00000,0x000000079c3282c0,0x000000079c400000)
  to   space 46592K, 0% used [0x0000000796d80000,0x0000000796d80000,0x0000000799b00000)
 ParOldGen       total 137728K, used 102841K [0x0000000740000000, 0x0000000748680000, 0x0000000795580000)
  object space 137728K, 74% used [0x0000000740000000,0x000000074646e6b8,0x0000000748680000)
 Metaspace       used 5330K, capacity 5562K, committed 5760K, reserved 1056768K
  class space    used 544K, capacity 603K, committed 640K, reserved 1048576K
}
Event: 525.827 GC heap before
{Heap before GC invocations=10 (full 1):
 PSYoungGen      total 66560K, used 65696K [0x0000000795580000, 0x000000079cc80000, 0x00000007c0000000)
  eden space 24576K, 100% used [0x0000000795580000,0x0000000796d80000,0x0000000796d80000)
  from space 41984K, 97% used [0x0000000799b00000,0x000000079c3282c0,0x000000079c400000)
  to   space 46592K, 0% used [0x0000000796d80000,0x0000000796d80000,0x0000000799b00000)
 ParOldGen       total 137728K, used 102841K [0x0000000740000000, 0x0000000748680000, 0x0000000795580000)
  object space 137728K, 74% used [0x0000000740000000,0x000000074646e6b8,0x0000000748680000)
 Metaspace       used 5330K, capacity 5562K, committed 5760K, reserved 1056768K
  class space    used 544K, capacity 603K, committed 640K, reserved 1048576K
Event: 525.938 GC heap after
Heap after GC invocations=10 (full 1):
 PSYoungGen      total 71168K, used 46586K [0x0000000795580000, 0x000000079e480000, 0x00000007c0000000)
  eden space 24576K, 0% used [0x0000000795580000,0x0000000795580000,0x0000000796d80000)
  from space 46592K, 99% used [0x0000000796d80000,0x0000000799afe8e8,0x0000000799b00000)
  to   space 55808K, 0% used [0x000000079ae00000,0x000000079ae00000,0x000000079e480000)
 ParOldGen       total 137728K, used 112641K [0x0000000740000000, 0x0000000748680000, 0x0000000795580000)
  object space 137728K, 81% used [0x0000000740000000,0x0000000746e006b8,0x0000000748680000)
 Metaspace       used 5330K, capacity 5562K, committed 5760K, reserved 1056768K
  class space    used 544K, capacity 603K, committed 640K, reserved 1048576K
}
Event: 525.938 GC heap before
{Heap before GC invocations=11 (full 2):
 PSYoungGen      total 71168K, used 46586K [0x0000000795580000, 0x000000079e480000, 0x00000007c0000000)
  eden space 24576K, 0% used [0x0000000795580000,0x0000000795580000,0x0000000796d80000)
  from space 46592K, 99% used [0x0000000796d80000,0x0000000799afe8e8,0x0000000799b00000)
  to   space 55808K, 0% used [0x000000079ae00000,0x000000079ae00000,0x000000079e480000)
 ParOldGen       total 137728K, used 112641K [0x0000000740000000, 0x0000000748680000, 0x0000000795580000)
  object space 137728K, 81% used [0x0000000740000000,0x0000000746e006b8,0x0000000748680000)
 Metaspace       used 5330K, capacity 5562K, committed 5760K, reserved 1056768K
  class space    used 544K, capacity 603K, committed 640K, reserved 1048576K
Event: 526.918 GC heap after
Heap after GC invocations=11 (full 2):
 PSYoungGen      total 71168K, used 0K [0x0000000795580000, 0x000000079e480000, 0x00000007c0000000)
  eden space 24576K, 0% used [0x0000000795580000,0x0000000795580000,0x0000000796d80000)
  from space 46592K, 0% used [0x0000000796d80000,0x0000000796d80000,0x0000000799b00000)
  to   space 55808K, 0% used [0x000000079ae00000,0x000000079ae00000,0x000000079e480000)
 ParOldGen       total 199168K, used 114814K [0x0000000740000000, 0x000000074c280000, 0x0000000795580000)
  object space 199168K, 57% used [0x0000000740000000,0x000000074701fa08,0x000000074c280000)
 Metaspace       used 5330K, capacity 5562K, committed 5760K, reserved 1056768K
  class space    used 544K, capacity 603K, committed 640K, reserved 1048576K
}
Event: 531.257 GC heap before
{Heap before GC invocations=12 (full 2):
 PSYoungGen      total 71168K, used 24576K [0x0000000795580000, 0x000000079e480000, 0x00000007c0000000)
  eden space 24576K, 100% used [0x0000000795580000,0x0000000796d80000,0x0000000796d80000)
  from space 46592K, 0% used [0x0000000796d80000,0x0000000796d80000,0x0000000799b00000)
  to   space 55808K, 0% used [0x000000079ae00000,0x000000079ae00000,0x000000079e480000)
 ParOldGen       total 199168K, used 114814K [0x0000000740000000, 0x000000074c280000, 0x0000000795580000)
  object space 199168K, 57% used [0x0000000740000000,0x000000074701fa08,0x000000074c280000)
 Metaspace       used 5332K, capacity 5562K, committed 5760K, reserved 1056768K
  class space    used 544K, capacity 603K, committed 640K, reserved 1048576K
Event: 531.312 GC heap after
Heap after GC invocations=12 (full 2):
 PSYoungGen      total 91136K, used 20554K [0x0000000795580000, 0x000000079e480000, 0x00000007c0000000)
  eden space 35328K, 0% used [0x0000000795580000,0x0000000795580000,0x0000000797800000)
  from space 55808K, 36% used [0x000000079ae00000,0x000000079c2128b0,0x000000079e480000)
  to   space 55296K, 0% used [0x0000000797800000,0x0000000797800000,0x000000079ae00000)
 ParOldGen       total 199168K, used 114814K [0x0000000740000000, 0x000000074c280000, 0x0000000795580000)
  object space 199168K, 57% used [0x0000000740000000,0x000000074701fa08,0x000000074c280000)
 Metaspace       used 5332K, capacity 5562K, committed 5760K, reserved 1056768K
  class space    used 544K, capacity 603K, committed 640K, reserved 1048576K
}
Event: 649.138 GC heap before
{Heap before GC invocations=13 (full 2):
 PSYoungGen      total 91136K, used 55882K [0x0000000795580000, 0x000000079e480000, 0x00000007c0000000)
  eden space 35328K, 100% used [0x0000000795580000,0x0000000797800000,0x0000000797800000)
  from space 55808K, 36% used [0x000000079ae00000,0x000000079c2128b0,0x000000079e480000)
  to   space 55296K, 0% used [0x0000000797800000,0x0000000797800000,0x000000079ae00000)
 ParOldGen       total 199168K, used 114814K [0x0000000740000000, 0x000000074c280000, 0x0000000795580000)
  object space 199168K, 57% used [0x0000000740000000,0x000000074701fa08,0x000000074c280000)
 Metaspace       used 5333K, capacity 5562K, committed 5760K, reserved 1056768K
  class space    used 544K, capacity 603K, committed 640K, reserved 1048576K
Event: 649.190 GC heap after
Heap after GC invocations=13 (full 2):
 PSYoungGen      total 64000K, used 28949K [0x0000000795580000, 0x000000079df80000, 0x00000007c0000000)
  eden space 34816K, 0% used [0x0000000795580000,0x0000000795580000,0x0000000797780000)
  from space 29184K, 99% used [0x0000000797800000,0x00000007994456b0,0x0000000799480000)
  to   space 53248K, 0% used [0x000000079ab80000,0x000000079ab80000,0x000000079df80000)
 ParOldGen       total 199168K, used 114814K [0x0000000740000000, 0x000000074c280000, 0x0000000795580000)
  object space 199168K, 57% used [0x0000000740000000,0x000000074701fa08,0x000000074c280000)
 Metaspace       used 5333K, capacity 5562K, committed 5760K, reserved 1056768K
  class space    used 544K, capacity 603K, committed 640K, reserved 1048576K
}

Deoptimization events (10 events):
Event: 169.277 Thread 0x00007f936a021800 Uncommon trap: reason=unstable_if action=reinterpret pc=0x000000010a85035c method=java.lang.ref.ReferenceQueue.reallyPoll()Ljava/lang/ref/Reference; @ 6
Event: 172.951 Thread 0x00007f936b051800 Uncommon trap: reason=unstable_if action=reinterpret pc=0x000000010a851948 method=java.lang.ref.ReferenceQueue.enqueue(Ljava/lang/ref/Reference;)Z @ 61
Event: 172.951 Thread 0x00007f936a021800 Uncommon trap: reason=bimorphic action=maybe_recompile pc=0x000000010a852720 method=java.lang.System$2.invokeFinalize(Ljava/lang/Object;)V @ 1
Event: 172.951 Thread 0x00007f936a021800 Uncommon trap: reason=bimorphic action=maybe_recompile pc=0x000000010a852720 method=java.lang.System$2.invokeFinalize(Ljava/lang/Object;)V @ 1
Event: 172.951 Thread 0x00007f936a021800 Uncommon trap: reason=bimorphic action=maybe_recompile pc=0x000000010a852720 method=java.lang.System$2.invokeFinalize(Ljava/lang/Object;)V @ 1
Event: 172.951 Thread 0x00007f936a021800 Uncommon trap: reason=bimorphic action=maybe_recompile pc=0x000000010a852720 method=java.lang.System$2.invokeFinalize(Ljava/lang/Object;)V @ 1
Event: 172.951 Thread 0x00007f936a021800 Uncommon trap: reason=bimorphic action=maybe_recompile pc=0x000000010a85aa88 method=java.lang.System$2.invokeFinalize(Ljava/lang/Object;)V @ 1
Event: 172.969 Thread 0x00007f936a021800 Uncommon trap: reason=unstable_if action=reinterpret pc=0x000000010a850ae0 method=java.lang.ref.ReferenceQueue.reallyPoll()Ljava/lang/ref/Reference; @ 15
Event: 173.084 Thread 0x00007f936b051800 Uncommon trap: reason=class_check action=maybe_recompile pc=0x000000010a87e4bc method=java.lang.ref.ReferenceQueue.enqueue(Ljava/lang/ref/Reference;)Z @ 91
Event: 173.084 Thread 0x00007f936b051800 Uncommon trap: reason=class_check action=maybe_recompile pc=0x000000010a87e4bc method=java.lang.ref.ReferenceQueue.enqueue(Ljava/lang/ref/Reference;)Z @ 91

Internal exceptions (6 events):
Event: 0.075 Thread 0x00007f936b807800 Exception <a 'java/lang/NoSuchMethodError': Method sun.misc.Unsafe.defineClass(Ljava/lang/String;[BII)Ljava/lang/Class; name or signature does not match> (0x0000000795587ca8) thrown at [/Users/java_re/workspace/8-2-build-macosx-x86_64/jdk8u131/8869/hotspo
Event: 0.075 Thread 0x00007f936b807800 Exception <a 'java/lang/NoSuchMethodError': Method sun.misc.Unsafe.prefetchRead(Ljava/lang/Object;J)V name or signature does not match> (0x0000000795587f90) thrown at [/Users/java_re/workspace/8-2-build-macosx-x86_64/jdk8u131/8869/hotspot/src/share/vm/pri
Event: 0.683 Thread 0x00007f936b807800 Exception <a 'java/lang/NoSuchFieldError': method resolution failed> (0x0000000795b44d70) thrown at [/Users/java_re/workspace/8-2-build-macosx-x86_64/jdk8u131/8869/hotspot/src/share/vm/prims/methodHandles.cpp, line 1146]
Event: 0.687 Thread 0x00007f936b807800 Exception <a 'java/lang/NoSuchFieldError': method resolution failed> (0x0000000795b52c18) thrown at [/Users/java_re/workspace/8-2-build-macosx-x86_64/jdk8u131/8869/hotspot/src/share/vm/prims/methodHandles.cpp, line 1146]
Event: 169.272 Thread 0x00007f936b051800 Implicit null exception at 0x000000010a8533ff to 0x000000010a853ac5
Event: 169.277 Thread 0x00007f936a021800 Implicit null exception at 0x000000010a850253 to 0x000000010a850349

Events (10 events):
Event: 533.743 Thread 0x00007f936b807800 DEOPT PACKING pc=0x000000010a886953 sp=0x000070000d768770
Event: 533.743 Thread 0x00007f936b807800 DEOPT UNPACKING pc=0x000000010a68e633 sp=0x000070000d7684b0 mode 0
Event: 533.743 Thread 0x00007f936b807800 DEOPT PACKING pc=0x000000010a886953 sp=0x000070000d768770
Event: 533.743 Thread 0x00007f936b807800 DEOPT UNPACKING pc=0x000000010a68e633 sp=0x000070000d7684b0 mode 0
Event: 533.743 Thread 0x00007f936b807800 DEOPT PACKING pc=0x000000010a886953 sp=0x000070000d768770
Event: 533.743 Thread 0x00007f936b807800 DEOPT UNPACKING pc=0x000000010a68e633 sp=0x000070000d7684b0 mode 0
Event: 649.138 Executing VM operation: ParallelGCFailedAllocation
Event: 649.190 Executing VM operation: ParallelGCFailedAllocation done
Event: 649.199 Executing VM operation: RevokeBias
Event: 649.199 Executing VM operation: RevokeBias done


Dynamic libraries:
0x0000000002fe1000 	/System/Library/Frameworks/Cocoa.framework/Versions/A/Cocoa
0x0000000002fe1000 	/System/Library/Frameworks/Security.framework/Versions/A/Security
0x0000000002fe1000 	/System/Library/Frameworks/ApplicationServices.framework/Versions/A/ApplicationServices
0x0000000002fe1000 	/usr/lib/libz.1.dylib
0x0000000002fe1000 	/usr/lib/libSystem.B.dylib
0x0000000002fe1000 	/usr/lib/libobjc.A.dylib
0x0000000002fe1000 	/System/Library/Frameworks/CoreFoundation.framework/Versions/A/CoreFoundation
0x0000000002fe1000 	/System/Library/Frameworks/Foundation.framework/Versions/C/Foundation
0x0000000002fe1000 	/System/Library/Frameworks/AppKit.framework/Versions/C/AppKit
0x0000000002fe1000 	/System/Library/Frameworks/CoreData.framework/Versions/A/CoreData
0x0000000002fe1000 	/System/Library/PrivateFrameworks/RemoteViewServices.framework/Versions/A/RemoteViewServices
0x0000000002fe1000 	/System/Library/PrivateFrameworks/UIFoundation.framework/Versions/A/UIFoundation
0x0000000002fe1000 	/System/Library/PrivateFrameworks/DFRFoundation.framework/Versions/A/DFRFoundation
0x0000000002fe1000 	/System/Library/Frameworks/Metal.framework/Versions/A/Metal
0x0000000002fe1000 	/System/Library/PrivateFrameworks/DesktopServicesPriv.framework/Versions/A/DesktopServicesPriv
0x0000000002fe1000 	/usr/lib/libenergytrace.dylib
0x0000000002fe1000 	/System/Library/PrivateFrameworks/SkyLight.framework/Versions/A/SkyLight
0x0000000002fe1000 	/System/Library/Frameworks/CoreGraphics.framework/Versions/A/CoreGraphics
0x0000000002fe1000 	/usr/lib/libScreenReader.dylib
0x0000000002fe1000 	/System/Library/Frameworks/Accelerate.framework/Versions/A/Accelerate
0x0000000002fe1000 	/System/Library/Frameworks/IOSurface.framework/Versions/A/IOSurface
0x0000000002fe1000 	/System/Library/Frameworks/AudioToolbox.framework/Versions/A/AudioToolbox
0x0000000002fe1000 	/System/Library/Frameworks/AudioUnit.framework/Versions/A/AudioUnit
0x0000000002fe1000 	/System/Library/PrivateFrameworks/DataDetectorsCore.framework/Versions/A/DataDetectorsCore
0x0000000002fe1000 	/System/Library/Frameworks/Carbon.framework/Versions/A/Frameworks/HIToolbox.framework/Versions/A/HIToolbox
0x0000000002fe1000 	/usr/lib/libicucore.A.dylib
0x0000000002fe1000 	/System/Library/Frameworks/QuartzCore.framework/Versions/A/QuartzCore
0x0000000002fe1000 	/System/Library/PrivateFrameworks/SignpostNotification.framework/Versions/A/SignpostNotification
0x0000000002fe1000 	/System/Library/Frameworks/Carbon.framework/Versions/A/Frameworks/SpeechRecognition.framework/Versions/A/SpeechRecognition
0x0000000002fe1000 	/usr/lib/libauto.dylib
0x0000000002fe1000 	/usr/lib/libxml2.2.dylib
0x0000000002fe1000 	/System/Library/PrivateFrameworks/CoreUI.framework/Versions/A/CoreUI
0x0000000002fe1000 	/System/Library/Frameworks/CoreAudio.framework/Versions/A/CoreAudio
0x0000000002fe1000 	/System/Library/Frameworks/DiskArbitration.framework/Versions/A/DiskArbitration
0x0000000002fe1000 	/usr/lib/liblangid.dylib
0x0000000002fe1000 	/System/Library/PrivateFrameworks/MultitouchSupport.framework/Versions/A/MultitouchSupport
0x0000000002fe1000 	/System/Library/Frameworks/IOKit.framework/Versions/A/IOKit
0x0000000002fe1000 	/usr/lib/libDiagnosticMessagesClient.dylib
0x0000000002fe1000 	/System/Library/Frameworks/CoreServices.framework/Versions/A/CoreServices
0x0000000002fe1000 	/System/Library/PrivateFrameworks/PerformanceAnalysis.framework/Versions/A/PerformanceAnalysis
0x0000000002fe1000 	/System/Library/Frameworks/OpenGL.framework/Versions/A/OpenGL
0x0000000002fe1000 	/System/Library/Frameworks/ColorSync.framework/Versions/A/ColorSync
0x0000000002fe1000 	/System/Library/Frameworks/CoreImage.framework/Versions/A/CoreImage
0x0000000002fe1000 	/System/Library/Frameworks/CoreText.framework/Versions/A/CoreText
0x0000000002fe1000 	/System/Library/Frameworks/ImageIO.framework/Versions/A/ImageIO
0x0000000002fe1000 	/System/Library/PrivateFrameworks/Backup.framework/Versions/A/Backup
0x0000000002fe1000 	/usr/lib/libarchive.2.dylib
0x0000000002fe1000 	/System/Library/Frameworks/CFNetwork.framework/Versions/A/CFNetwork
0x0000000002fe1000 	/System/Library/Frameworks/SystemConfiguration.framework/Versions/A/SystemConfiguration
0x0000000002fe1000 	/usr/lib/libCRFSuite.dylib
0x0000000002fe1000 	/usr/lib/libc++.1.dylib
0x0000000002fe1000 	/usr/lib/libc++abi.dylib
0x0000000002fe1000 	/usr/lib/system/libcache.dylib
0x0000000002fe1000 	/usr/lib/system/libcommonCrypto.dylib
0x0000000002fe1000 	/usr/lib/system/libcompiler_rt.dylib
0x0000000002fe1000 	/usr/lib/system/libcopyfile.dylib
0x0000000002fe1000 	/usr/lib/system/libcorecrypto.dylib
0x0000000002fe1000 	/usr/lib/system/libdispatch.dylib
0x0000000002fe1000 	/usr/lib/system/libdyld.dylib
0x0000000002fe1000 	/usr/lib/system/libkeymgr.dylib
0x0000000002fe1000 	/usr/lib/system/liblaunch.dylib
0x0000000002fe1000 	/usr/lib/system/libmacho.dylib
0x0000000002fe1000 	/usr/lib/system/libquarantine.dylib
0x0000000002fe1000 	/usr/lib/system/libremovefile.dylib
0x0000000002fe1000 	/usr/lib/system/libsystem_asl.dylib
0x0000000002fe1000 	/usr/lib/system/libsystem_blocks.dylib
0x0000000002fe1000 	/usr/lib/system/libsystem_c.dylib
0x0000000002fe1000 	/usr/lib/system/libsystem_configuration.dylib
0x0000000002fe1000 	/usr/lib/system/libsystem_coreservices.dylib
0x0000000002fe1000 	/usr/lib/system/libsystem_darwin.dylib
0x0000000002fe1000 	/usr/lib/system/libsystem_dnssd.dylib
0x0000000002fe1000 	/usr/lib/system/libsystem_info.dylib
0x0000000002fe1000 	/usr/lib/system/libsystem_m.dylib
0x0000000002fe1000 	/usr/lib/system/libsystem_malloc.dylib
0x0000000002fe1000 	/usr/lib/system/libsystem_network.dylib
0x0000000002fe1000 	/usr/lib/system/libsystem_networkextension.dylib
0x0000000002fe1000 	/usr/lib/system/libsystem_notify.dylib
0x0000000002fe1000 	/usr/lib/system/libsystem_sandbox.dylib
0x0000000002fe1000 	/usr/lib/system/libsystem_secinit.dylib
0x0000000002fe1000 	/usr/lib/system/libsystem_kernel.dylib
0x0000000002fe1000 	/usr/lib/system/libsystem_platform.dylib
0x0000000002fe1000 	/usr/lib/system/libsystem_pthread.dylib
0x0000000002fe1000 	/usr/lib/system/libsystem_symptoms.dylib
0x0000000002fe1000 	/usr/lib/system/libsystem_trace.dylib
0x0000000002fe1000 	/usr/lib/system/libunwind.dylib
0x0000000002fe1000 	/usr/lib/system/libxpc.dylib
0x0000000002fe1000 	/usr/lib/closure/libclosured.dylib
0x0000000002fe1000 	/usr/lib/libbsm.0.dylib
0x0000000002fe1000 	/usr/lib/system/libkxld.dylib
0x0000000002fe1000 	/usr/lib/libOpenScriptingUtil.dylib
0x0000000002fe1000 	/usr/lib/libcoretls.dylib
0x0000000002fe1000 	/usr/lib/libcoretls_cfhelpers.dylib
0x0000000002fe1000 	/usr/lib/libpam.2.dylib
0x0000000002fe1000 	/usr/lib/libsqlite3.dylib
0x0000000002fe1000 	/usr/lib/libxar.1.dylib
0x0000000002fe1000 	/usr/lib/libbz2.1.0.dylib
0x0000000002fe1000 	/usr/lib/liblzma.5.dylib
0x0000000002fe1000 	/usr/lib/libnetwork.dylib
0x0000000002fe1000 	/usr/lib/libapple_nghttp2.dylib
0x0000000002fe1000 	/usr/lib/libpcap.A.dylib
0x0000000002fe1000 	/usr/lib/libboringssl.dylib
0x0000000002fe1000 	/usr/lib/libusrtcp.dylib
0x0000000002fe1000 	/usr/lib/libapple_crypto.dylib
0x0000000002fe1000 	/System/Library/Frameworks/CoreServices.framework/Versions/A/Frameworks/FSEvents.framework/Versions/A/FSEvents
0x0000000002fe1000 	/System/Library/Frameworks/CoreServices.framework/Versions/A/Frameworks/CarbonCore.framework/Versions/A/CarbonCore
0x0000000002fe1000 	/System/Library/Frameworks/CoreServices.framework/Versions/A/Frameworks/Metadata.framework/Versions/A/Metadata
0x0000000002fe1000 	/System/Library/Frameworks/CoreServices.framework/Versions/A/Frameworks/OSServices.framework/Versions/A/OSServices
0x0000000002fe1000 	/System/Library/Frameworks/CoreServices.framework/Versions/A/Frameworks/SearchKit.framework/Versions/A/SearchKit
0x0000000002fe1000 	/System/Library/Frameworks/CoreServices.framework/Versions/A/Frameworks/AE.framework/Versions/A/AE
0x0000000002fe1000 	/System/Library/Frameworks/CoreServices.framework/Versions/A/Frameworks/LaunchServices.framework/Versions/A/LaunchServices
0x0000000002fe1000 	/System/Library/Frameworks/CoreServices.framework/Versions/A/Frameworks/DictionaryServices.framework/Versions/A/DictionaryServices
0x0000000002fe1000 	/System/Library/Frameworks/CoreServices.framework/Versions/A/Frameworks/SharedFileList.framework/Versions/A/SharedFileList
0x0000000002fe1000 	/System/Library/Frameworks/NetFS.framework/Versions/A/NetFS
0x0000000002fe1000 	/System/Library/PrivateFrameworks/NetAuth.framework/Versions/A/NetAuth
0x0000000002fe1000 	/System/Library/PrivateFrameworks/login.framework/Versions/A/Frameworks/loginsupport.framework/Versions/A/loginsupport
0x0000000002fe1000 	/System/Library/PrivateFrameworks/TCC.framework/Versions/A/TCC
0x0000000002fe1000 	/usr/lib/libmecabra.dylib
0x0000000002fe1000 	/System/Library/Frameworks/ApplicationServices.framework/Versions/A/Frameworks/ATS.framework/Versions/A/ATS
0x0000000002fe1000 	/System/Library/Frameworks/ApplicationServices.framework/Versions/A/Frameworks/ColorSyncLegacy.framework/Versions/A/ColorSyncLegacy
0x0000000002fe1000 	/System/Library/Frameworks/ApplicationServices.framework/Versions/A/Frameworks/HIServices.framework/Versions/A/HIServices
0x0000000002fe1000 	/System/Library/Frameworks/ApplicationServices.framework/Versions/A/Frameworks/LangAnalysis.framework/Versions/A/LangAnalysis
0x0000000002fe1000 	/System/Library/Frameworks/ApplicationServices.framework/Versions/A/Frameworks/PrintCore.framework/Versions/A/PrintCore
0x0000000002fe1000 	/System/Library/Frameworks/ApplicationServices.framework/Versions/A/Frameworks/QD.framework/Versions/A/QD
0x0000000002fe1000 	/System/Library/Frameworks/ApplicationServices.framework/Versions/A/Frameworks/SpeechSynthesis.framework/Versions/A/SpeechSynthesis
0x0000000002fe1000 	/System/Library/Frameworks/CoreDisplay.framework/Versions/A/CoreDisplay
0x0000000002fe1000 	/System/Library/Frameworks/Accelerate.framework/Versions/A/Frameworks/vImage.framework/Versions/A/vImage
0x0000000002fe1000 	/System/Library/Frameworks/Accelerate.framework/Versions/A/Frameworks/vecLib.framework/Versions/A/vecLib
0x0000000002fe1000 	/System/Library/Frameworks/Accelerate.framework/Versions/A/Frameworks/vecLib.framework/Versions/A/libvDSP.dylib
0x0000000002fe1000 	/System/Library/Frameworks/Accelerate.framework/Versions/A/Frameworks/vecLib.framework/Versions/A/libBNNS.dylib
0x0000000002fe1000 	/System/Library/Frameworks/Accelerate.framework/Versions/A/Frameworks/vecLib.framework/Versions/A/libQuadrature.dylib
0x0000000002fe1000 	/System/Library/Frameworks/Accelerate.framework/Versions/A/Frameworks/vecLib.framework/Versions/A/libvMisc.dylib
0x0000000002fe1000 	/System/Library/Frameworks/Accelerate.framework/Versions/A/Frameworks/vecLib.framework/Versions/A/libLAPACK.dylib
0x0000000002fe1000 	/System/Library/Frameworks/Accelerate.framework/Versions/A/Frameworks/vecLib.framework/Versions/A/libBLAS.dylib
0x0000000002fe1000 	/System/Library/Frameworks/Accelerate.framework/Versions/A/Frameworks/vecLib.framework/Versions/A/libLinearAlgebra.dylib
0x0000000002fe1000 	/System/Library/Frameworks/Accelerate.framework/Versions/A/Frameworks/vecLib.framework/Versions/A/libSparse.dylib
0x0000000002fe1000 	/System/Library/Frameworks/Accelerate.framework/Versions/A/Frameworks/vecLib.framework/Versions/A/libSparseBLAS.dylib
0x0000000002fe1000 	/System/Library/PrivateFrameworks/GPUWrangler.framework/Versions/A/GPUWrangler
0x0000000002fe1000 	/System/Library/PrivateFrameworks/IOAccelerator.framework/Versions/A/IOAccelerator
0x0000000002fe1000 	/System/Library/PrivateFrameworks/IOPresentment.framework/Versions/A/IOPresentment
0x0000000002fe1000 	/System/Library/PrivateFrameworks/DSExternalDisplay.framework/Versions/A/DSExternalDisplay
0x0000000002fe1000 	/System/Library/Frameworks/OpenGL.framework/Versions/A/Libraries/libCoreFSCache.dylib
0x0000000002fe1000 	/System/Library/Frameworks/CoreVideo.framework/Versions/A/CoreVideo
0x0000000002fe1000 	/System/Library/PrivateFrameworks/GraphVisualizer.framework/Versions/A/GraphVisualizer
0x0000000002fe1000 	/System/Library/Frameworks/MetalPerformanceShaders.framework/Versions/A/MetalPerformanceShaders
0x0000000002fe1000 	/usr/lib/libFosl_dynamic.dylib
0x0000000002fe1000 	/System/Library/PrivateFrameworks/FaceCore.framework/Versions/A/FaceCore
0x0000000002fe1000 	/System/Library/Frameworks/OpenCL.framework/Versions/A/OpenCL
0x0000000002fe1000 	/usr/lib/libcompression.dylib
0x0000000002fe1000 	/System/Library/Frameworks/ApplicationServices.framework/Versions/A/Frameworks/ATS.framework/Versions/A/Resources/libFontParser.dylib
0x0000000002fe1000 	/System/Library/Frameworks/ApplicationServices.framework/Versions/A/Frameworks/ATS.framework/Versions/A/Resources/libFontRegistry.dylib
0x0000000002fe1000 	/System/Library/Frameworks/ImageIO.framework/Versions/A/Resources/libJPEG.dylib
0x0000000002fe1000 	/System/Library/Frameworks/ImageIO.framework/Versions/A/Resources/libTIFF.dylib
0x0000000002fe1000 	/System/Library/Frameworks/ImageIO.framework/Versions/A/Resources/libPng.dylib
0x0000000002fe1000 	/System/Library/Frameworks/ImageIO.framework/Versions/A/Resources/libGIF.dylib
0x0000000002fe1000 	/System/Library/Frameworks/ImageIO.framework/Versions/A/Resources/libJP2.dylib
0x0000000002fe1000 	/System/Library/Frameworks/ImageIO.framework/Versions/A/Resources/libRadiance.dylib
0x0000000002fe1000 	/System/Library/PrivateFrameworks/AppleJPEG.framework/Versions/A/AppleJPEG
0x0000000002fe1000 	/System/Library/Frameworks/MetalPerformanceShaders.framework/Frameworks/MPSCore.framework/Versions/A/MPSCore
0x0000000002fe1000 	/System/Library/Frameworks/MetalPerformanceShaders.framework/Frameworks/MPSImage.framework/Versions/A/MPSImage
0x0000000002fe1000 	/System/Library/Frameworks/MetalPerformanceShaders.framework/Frameworks/MPSNeuralNetwork.framework/Versions/A/MPSNeuralNetwork
0x0000000002fe1000 	/System/Library/Frameworks/MetalPerformanceShaders.framework/Frameworks/MPSMatrix.framework/Versions/A/MPSMatrix
0x0000000002fe1000 	/System/Library/PrivateFrameworks/MetalTools.framework/Versions/A/MetalTools
0x0000000002fe1000 	/System/Library/Frameworks/OpenGL.framework/Versions/A/Libraries/libGLU.dylib
0x0000000002fe1000 	/System/Library/Frameworks/OpenGL.framework/Versions/A/Libraries/libGFXShared.dylib
0x0000000002fe1000 	/System/Library/Frameworks/OpenGL.framework/Versions/A/Libraries/libGL.dylib
0x0000000002fe1000 	/System/Library/Frameworks/OpenGL.framework/Versions/A/Libraries/libGLImage.dylib
0x0000000002fe1000 	/System/Library/Frameworks/OpenGL.framework/Versions/A/Libraries/libCVMSPluginSupport.dylib
0x0000000002fe1000 	/System/Library/Frameworks/OpenGL.framework/Versions/A/Libraries/libCoreVMClient.dylib
0x0000000002fe1000 	/usr/lib/libcups.2.dylib
0x0000000002fe1000 	/System/Library/Frameworks/Kerberos.framework/Versions/A/Kerberos
0x0000000002fe1000 	/System/Library/Frameworks/GSS.framework/Versions/A/GSS
0x0000000002fe1000 	/usr/lib/libresolv.9.dylib
0x0000000002fe1000 	/usr/lib/libiconv.2.dylib
0x0000000002fe1000 	/System/Library/PrivateFrameworks/Heimdal.framework/Versions/A/Heimdal
0x0000000002fe1000 	/usr/lib/libheimdal-asn1.dylib
0x0000000002fe1000 	/System/Library/Frameworks/OpenDirectory.framework/Versions/A/OpenDirectory
0x0000000002fe1000 	/System/Library/PrivateFrameworks/CommonAuth.framework/Versions/A/CommonAuth
0x0000000002fe1000 	/System/Library/Frameworks/OpenDirectory.framework/Versions/A/Frameworks/CFOpenDirectory.framework/Versions/A/CFOpenDirectory
0x0000000002fe1000 	/System/Library/Frameworks/SecurityFoundation.framework/Versions/A/SecurityFoundation
0x0000000002fe1000 	/System/Library/PrivateFrameworks/APFS.framework/Versions/A/APFS
0x0000000002fe1000 	/usr/lib/libutil.dylib
0x0000000002fe1000 	/System/Library/PrivateFrameworks/AppleSauce.framework/Versions/A/AppleSauce
0x0000000002fe1000 	/System/Library/PrivateFrameworks/LinguisticData.framework/Versions/A/LinguisticData
0x0000000002fe1000 	/usr/lib/libmarisa.dylib
0x0000000002fe1000 	/System/Library/PrivateFrameworks/Lexicon.framework/Versions/A/Lexicon
0x0000000002fe1000 	/usr/lib/libChineseTokenizer.dylib
0x0000000002fe1000 	/usr/lib/libcmph.dylib
0x0000000002fe1000 	/System/Library/PrivateFrameworks/LanguageModeling.framework/Versions/A/LanguageModeling
0x0000000002fe1000 	/System/Library/PrivateFrameworks/CoreEmoji.framework/Versions/A/CoreEmoji
0x0000000002fe1000 	/System/Library/Frameworks/ServiceManagement.framework/Versions/A/ServiceManagement
0x0000000002fe1000 	/System/Library/PrivateFrameworks/BackgroundTaskManagement.framework/Versions/A/BackgroundTaskManagement
0x0000000002fe1000 	/usr/lib/libxslt.1.dylib
0x0000000002fe1000 	/System/Library/Frameworks/Carbon.framework/Versions/A/Frameworks/Ink.framework/Versions/A/Ink
0x0000000002fe1000 	/System/Library/PrivateFrameworks/TextureIO.framework/Versions/A/TextureIO
0x0000000002fe1000 	/usr/lib/libate.dylib
0x0000000002fe1000 	/System/Library/PrivateFrameworks/CrashReporterSupport.framework/Versions/A/CrashReporterSupport
0x0000000002fe1000 	/System/Library/PrivateFrameworks/Sharing.framework/Versions/A/Sharing
0x0000000002fe1000 	/System/Library/PrivateFrameworks/IconServices.framework/Versions/A/IconServices
0x0000000002fe1000 	/System/Library/PrivateFrameworks/Apple80211.framework/Versions/A/Apple80211
0x0000000002fe1000 	/System/Library/PrivateFrameworks/CoreUtils.framework/Versions/A/CoreUtils
0x0000000002fe1000 	/System/Library/Frameworks/CoreWLAN.framework/Versions/A/CoreWLAN
0x0000000002fe1000 	/System/Library/Frameworks/IOBluetooth.framework/Versions/A/IOBluetooth
0x0000000002fe1000 	/System/Library/PrivateFrameworks/ProtocolBuffer.framework/Versions/A/ProtocolBuffer
0x0000000002fe1000 	/System/Library/PrivateFrameworks/CoreWiFi.framework/Versions/A/CoreWiFi
0x0000000002fe1000 	/System/Library/Frameworks/CoreBluetooth.framework/Versions/A/CoreBluetooth
0x0000000002fe1000 	/System/Library/PrivateFrameworks/DebugSymbols.framework/Versions/A/DebugSymbols
0x0000000002fe1000 	/System/Library/PrivateFrameworks/CoreSymbolication.framework/Versions/A/CoreSymbolication
0x0000000002fe1000 	/System/Library/PrivateFrameworks/Symbolication.framework/Versions/A/Symbolication
0x0000000002fe1000 	/System/Library/PrivateFrameworks/AppleFSCompression.framework/Versions/A/AppleFSCompression
0x0000000002fe1000 	/System/Library/PrivateFrameworks/SpeechRecognitionCore.framework/Versions/A/SpeechRecognitionCore
0x0000000104e00000 	/Library/Java/JavaVirtualMachines/jdk1.8.0_131.jdk/Contents/Home/jre/lib/server/libjvm.dylib
0x0000000002fe1000 	/usr/lib/libstdc++.6.0.9.dylib
0x0000000104449000 	/Library/Java/JavaVirtualMachines/jdk1.8.0_131.jdk/Contents/Home/jre/lib/libverify.dylib
0x0000000104457000 	/Library/Java/JavaVirtualMachines/jdk1.8.0_131.jdk/Contents/Home/jre/lib/libjava.dylib
0x000000010448d000 	/Library/Java/JavaVirtualMachines/jdk1.8.0_131.jdk/Contents/Home/jre/lib/libinstrument.dylib
0x000000010452b000 	/Library/Java/JavaVirtualMachines/jdk1.8.0_131.jdk/Contents/Home/jre/lib/libzip.dylib
0x0000000002fe1000 	/System/Library/Frameworks/JavaVM.framework/Versions/A/Frameworks/JavaRuntimeSupport.framework/Versions/A/JavaRuntimeSupport
0x0000000002fe1000 	/System/Library/Frameworks/JavaVM.framework/Versions/A/Frameworks/JavaNativeFoundation.framework/Versions/A/JavaNativeFoundation
0x0000000002fe1000 	/System/Library/Frameworks/JavaVM.framework/Versions/A/JavaVM
0x0000000002fe1000 	/System/Library/Frameworks/Carbon.framework/Versions/A/Carbon
0x0000000002fe1000 	/System/Library/PrivateFrameworks/JavaLaunching.framework/Versions/A/JavaLaunching
0x0000000002fe1000 	/System/Library/Frameworks/Carbon.framework/Versions/A/Frameworks/CommonPanels.framework/Versions/A/CommonPanels
0x0000000002fe1000 	/System/Library/Frameworks/Carbon.framework/Versions/A/Frameworks/Help.framework/Versions/A/Help
0x0000000002fe1000 	/System/Library/Frameworks/Carbon.framework/Versions/A/Frameworks/ImageCapture.framework/Versions/A/ImageCapture
0x0000000002fe1000 	/System/Library/Frameworks/Carbon.framework/Versions/A/Frameworks/OpenScripting.framework/Versions/A/OpenScripting
0x0000000002fe1000 	/System/Library/Frameworks/Carbon.framework/Versions/A/Frameworks/Print.framework/Versions/A/Print
0x0000000002fe1000 	/System/Library/Frameworks/Carbon.framework/Versions/A/Frameworks/SecurityHI.framework/Versions/A/SecurityHI
0x000000010a132000 	/Library/Java/JavaVirtualMachines/jdk1.8.0_131.jdk/Contents/Home/jre/lib/libnet.dylib
0x000000010a191000 	/Users/avisentin/or-tools/lib/libjniortools.jnilib
0x000000011d647000 	/Users/avisentin/or-tools/lib/libortools.dylib

VM Arguments:
jvm_args: -Djava.library.path=/Users/avisentin/or-tools/lib -javaagent:/Applications/IntelliJ IDEA.app/Contents/lib/idea_rt.jar=64637:/Applications/IntelliJ IDEA.app/Contents/bin -Dfile.encoding=UTF-8 
java_command: main
java_class_path (initial): /Library/Java/JavaVirtualMachines/jdk1.8.0_131.jdk/Contents/Home/jre/lib/charsets.jar:/Library/Java/JavaVirtualMachines/jdk1.8.0_131.jdk/Contents/Home/jre/lib/deploy.jar:/Library/Java/JavaVirtualMachines/jdk1.8.0_131.jdk/Contents/Home/jre/lib/ext/cldrdata.jar:/Library/Java/JavaVirtualMachines/jdk1.8.0_131.jdk/Contents/Home/jre/lib/ext/dnsns.jar:/Library/Java/JavaVirtualMachines/jdk1.8.0_131.jdk/Contents/Home/jre/lib/ext/jaccess.jar:/Library/Java/JavaVirtualMachines/jdk1.8.0_131.jdk/Contents/Home/jre/lib/ext/jfxrt.jar:/Library/Java/JavaVirtualMachines/jdk1.8.0_131.jdk/Contents/Home/jre/lib/ext/localedata.jar:/Library/Java/JavaVirtualMachines/jdk1.8.0_131.jdk/Contents/Home/jre/lib/ext/nashorn.jar:/Library/Java/JavaVirtualMachines/jdk1.8.0_131.jdk/Contents/Home/jre/lib/ext/sunec.jar:/Library/Java/JavaVirtualMachines/jdk1.8.0_131.jdk/Contents/Home/jre/lib/ext/sunjce_provider.jar:/Library/Java/JavaVirtualMachines/jdk1.8.0_131.jdk/Contents/Home/jre/lib/ext/sunpkcs11.jar:/Library/Java/JavaVirtualMachines/jdk1.8.0_131.jdk/Contents/Home/jre/lib/ext/zipfs.jar:/Library/Java/JavaVirtualMachines/jdk1.8.0_131.jdk/Contents/Home/jre/lib/javaws.jar:/Library/Java/JavaVirtualMachines/jdk1.8.0_131.jdk/Contents/Home/jre/lib/jce.jar:/Library/Java/JavaVirtualMachines/jdk1.8.0_131.jdk/Contents/Home/jre/lib/jfr.jar:/Library/Java/JavaVirtualMachines/jdk1.8.0_131.jdk/Contents/Home/jre/lib/jfxswt.jar:/Library/Java/JavaVirtualMachines/jdk1.8.0_131.jdk/Contents/Home/jre/lib/jsse.jar:/Library/Java/JavaVirtualMachines/jdk1.8.0_131.jdk/Contents/Home/jre/lib/management-agent.jar:/Library/Java/JavaVirtualMachines/jdk1.8.0_131.jdk/Contents/Home/jre/lib/plugin.jar:/Library/Java/JavaVirtualMachines/jdk1.8.0_131.jdk/Contents/Home/jre/lib/resources.jar:/Library/Java/JavaVirtualMachines/jdk1.8.0_131.jdk/Contents/Home/jre/lib/rt.jar:/Library/Java/JavaVirtualMachines/jdk1.8.0_131.jdk/Contents/Home/lib/ant-javafx.jar:/Library/Java/JavaVirtualMachines/jdk1.8.0_131.jdk/Contents/Home
Launcher Type: SUN_STANDARD

Environment Variables:
PATH=/usr/bin:/bin:/usr/sbin:/sbin
SHELL=/bin/bash
DISPLAY=/private/tmp/com.apple.launchd.LKJ6b8j9mu/org.macosforge.xquartz:0

Signal Handlers:
SIGSEGV: [libjvm.dylib+0x5b1eb1], sa_mask[0]=11111111011111110111111111111111, sa_flags=SA_ONSTACK|SA_RESTART|SA_SIGINFO
SIGBUS: [libjvm.dylib+0x5b1eb1], sa_mask[0]=11111111011111110111111111111111, sa_flags=SA_RESTART|SA_SIGINFO
SIGFPE: [libjvm.dylib+0x488988], sa_mask[0]=11111111011111110111111111111111, sa_flags=SA_RESTART|SA_SIGINFO
SIGPIPE: [libjvm.dylib+0x488988], sa_mask[0]=11111111011111110111111111111111, sa_flags=SA_RESTART|SA_SIGINFO
SIGXFSZ: [libjvm.dylib+0x488988], sa_mask[0]=11111111011111110111111111111111, sa_flags=SA_RESTART|SA_SIGINFO
SIGILL: [libjvm.dylib+0x488988], sa_mask[0]=11111111011111110111111111111111, sa_flags=SA_RESTART|SA_SIGINFO
SIGUSR1: SIG_DFL, sa_mask[0]=00000000000000000000000000000000, sa_flags=none
SIGUSR2: [libjvm.dylib+0x4884a6], sa_mask[0]=00100000000000000000000000000000, sa_flags=SA_RESTART|SA_SIGINFO
SIGHUP: [libjvm.dylib+0x486a7d], sa_mask[0]=11111111011111110111111111111111, sa_flags=SA_RESTART|SA_SIGINFO
SIGINT: [libjvm.dylib+0x486a7d], sa_mask[0]=00000000000000000000000000000000, sa_flags=SA_RESTART
SIGTERM: [libjvm.dylib+0x486a7d], sa_mask[0]=11111111011111110111111111111111, sa_flags=SA_RESTART|SA_SIGINFO
SIGQUIT: [libjvm.dylib+0x486a7d], sa_mask[0]=11111111011111110111111111111111, sa_flags=SA_RESTART|SA_SIGINFO


---------------  S Y S T E M  ---------------

OS:Bsduname:Darwin 17.6.0 Darwin Kernel Version 17.6.0: Tue May  8 15:22:16 PDT 2018; root:xnu-4570.61.1~1/RELEASE_X86_64 x86_64
rlimit: STACK 8192k, CORE 0k, NPROC 709, NOFILE 10240, AS infinity
load average:2.72 3.28 3.01

CPU:total 4 (initial active 4) (2 cores per cpu, 2 threads per core) family 6 model 61 stepping 4, cmov, cx8, fxsr, mmx, sse, sse2, sse3, ssse3, sse4.1, sse4.2, popcnt, avx, avx2, aes, clmul, erms, 3dnowpref, lzcnt, ht, tsc, tscinvbit, bmi1, bmi2, adx

Memory: 4k page, physical 8388608k(79464k free)

/proc/meminfo:


vm_info: Java HotSpot(TM) 64-Bit Server VM (25.131-b11) for bsd-amd64 JRE (1.8.0_131-b11), built on Mar 15 2017 01:32:22 by "java_re" with gcc 4.2.1 (Based on Apple Inc. build 5658) (LLVM build 2336.11.00)

time: Tue Jul  3 18:11:45 2018
elapsed time: 822 seconds (0d 0h 13m 42s)

