#
# A fatal error has been detected by the Java Runtime Environment:
#
#  SIGSEGV (0xb) at pc=0x00007fff00036054, pid=7612, tid=0x0000000000000a03
#
# JRE version: Java(TM) SE Runtime Environment (8.0_131-b11) (build 1.8.0_131-b11)
# Java VM: Java HotSpot(TM) 64-Bit Server VM (25.131-b11 mixed mode bsd-amd64 compressed oops)
# Problematic frame:
# C  0x00007fff00036054
#
# Failed to write core dump. Core dumps have been disabled. To enable core dumping, try "ulimit -c unlimited" before starting Java again
#
# If you would like to submit a bug report, please visit:
#   http://bugreport.java.com/bugreport/crash.jsp
#

---------------  T H R E A D  ---------------

Current thread is native thread

siginfo: si_signo: 11 (SIGSEGV), si_code: 1 (SEGV_MAPERR), si_addr: 0x00007fff00036054

Registers:
RAX=0x0000000000000000, RBX=0x0000700007c34000, RCX=0x00007fff52ae0d8a, RDX=0x0000000000000000
RSP=0x0000700007b2f730, RBP=0x0000700007b2f790, RSI=0x0000000000000000, RDI=0x0000000000001303
R8 =0x0000000000000000, R9 =0x0000000000000000, R10=0x0000000000000000, R11=0x0000000000000246
R12=0x0000700007b31000, R13=0x00007fff52ae0d80, R14=0x0000000000000000, R15=0x0000000000001303
RIP=0x00007fff00036054, EFLAGS=0x0000000000010246, ERR=0x0000000000000014
  TRAPNO=0x000000000000000e

Top of Stack: (sp=0x0000700007b2f730)
0x0000700007b2f730:   6974206c61746f54 205550432820656d
0x0000700007b2f740:   2973646e6f636573 202020202020203a
0x0000700007b2f750:   2820202031302e30 636f6c636c6c6157
0x0000700007b2f760:   6974206c61746f54 205550432820656d
0x0000700007b2f770:   2973646e6f636573 202020202020203a
0x0000700007b2f780:   2820202034302e30 636f6c636c6c6157
0x0000700007b2f790:   646e6f636573206b 20202020203a2973
0x0000700007b2f7a0:   000a36302e302020 0a30202020202020
0x0000700007b2f7b0:   7469206c61746f54 736e6f6974617265
0x0000700007b2f7c0:   202020202020203a 2020202020202020
0x0000700007b2f7d0:   2820656d69540a30 6f63657320555043
0x0000700007b2f7e0:   2020203a2973646e 2020202020202020
0x0000700007b2f7f0:   6974206c61746f54 205550432820656d
0x0000700007b2f800:   2973646e6f636573 202020202020203a
0x0000700007b2f810:   2820202032302e30 636f6c636c6c6157
0x0000700007b2f820:   646e6f636573206b 20202020203a2973
0x0000700007b2f830:   000a33302e302020 0a30202020202020
0x0000700007b2f840:   7469206c61746f54 736e6f6974617265
0x0000700007b2f850:   202020202020203a 2020202020202020
0x0000700007b2f860:   2820656d69540a30 6f63657320555043
0x0000700007b2f870:   2020203a2973646e 2020202020202020
0x0000700007b2f880:   540a32302e302020 6c61572820656d69
0x0000700007b2f890:   73206b636f6c636c 3a2973646e6f6365
0x0000700007b2f8a0:   3020202020202020 000000000a33302e
0x0000700007b2f8b0:   0000000000000000 0000000000000000
0x0000700007b2f8c0:   00007fff8b4bc000 00007ffee0d04c8b
0x0000700007b2f8d0:   0000000000000000 0000700007b2f9e0
0x0000700007b2f8e0:   0000000000000001 00007fe243d02ce8
0x0000700007b2f8f0:   0000700007b2f970 000000010ef007f7
0x0000700007b2f900:   00007fe200000000 00007fe243d02ce8
0x0000700007b2f910:   0000700007b2f930 000000010ef017a5
0x0000700007b2f920:   0000000000000000 000000010ef08216 

Instructions: (pc=0x00007fff00036054)
0x00007fff00036034:   
[error occurred during error reporting (printing registers, top of stack, instructions near pc), id 0xb]

Register to memory mapping:

RAX=0x0000000000000000 is an unknown value
RBX=0x0000700007c34000 is an unknown value
RCX=0x00007fff52ae0d8a: __semwait_signal+0xa in /usr/lib/system/libsystem_kernel.dylib at 0x00007fff52ac4000
RDX=0x0000000000000000 is an unknown value
RSP=0x0000700007b2f730 is an unknown value
RBP=0x0000700007b2f790 is an unknown value
RSI=0x0000000000000000 is an unknown value
RDI=0x0000000000001303 is an unknown value
R8 =0x0000000000000000 is an unknown value
R9 =0x0000000000000000 is an unknown value
R10=0x0000000000000000 is an unknown value
R11=0x0000000000000246 is an unknown value
R12=0x0000700007b31000 is an unknown value
R13=0x00007fff52ae0d80: __semwait_signal+0 in /usr/lib/system/libsystem_kernel.dylib at 0x00007fff52ac4000
R14=0x0000000000000000 is an unknown value
R15=0x0000000000001303 is an unknown value


Stack: [0x0000700007ab1000,0x0000700007b31000],  sp=0x0000700007b2f730,  free space=505k
Native frames: (J=compiled Java code, j=interpreted, Vv=VM code, C=native code)
C  0x00007fff00036054


---------------  P R O C E S S  ---------------

VM state:at safepoint (shutting down)

VM Mutex/Monitor currently owned by a thread:  ([mutex/lock_event])
[0x00007fe243c01670] Threads_lock - owner thread: 0x00007fe244041000

Heap:
 PSYoungGen      total 38400K, used 22125K [0x0000000795580000, 0x0000000798000000, 0x00000007c0000000)
  eden space 33280K, 66% used [0x0000000795580000,0x0000000796b1b4c0,0x0000000797600000)
  from space 5120K, 0% used [0x0000000797b00000,0x0000000797b00000,0x0000000798000000)
  to   space 5120K, 0% used [0x0000000797600000,0x0000000797600000,0x0000000797b00000)
 ParOldGen       total 87552K, used 0K [0x0000000740000000, 0x0000000745580000, 0x0000000795580000)
  object space 87552K, 0% used [0x0000000740000000,0x0000000740000000,0x0000000745580000)
 Metaspace       used 5307K, capacity 5562K, committed 5760K, reserved 1056768K
  class space    used 543K, capacity 603K, committed 640K, reserved 1048576K

Card table byte_map: [0x0000000110bc0000,0x0000000110fc1000] byte_map_base: 0x000000010d1c0000

Marking Bits: (ParMarkBitMap*) 0x000000010f825ea0
 Begin Bits: [0x0000000122264000, 0x0000000124264000)
 End Bits:   [0x0000000124264000, 0x0000000126264000)

Polling page: 0x000000010ff1a000

CodeCache: size=245760Kb used=2088Kb max_used=2101Kb free=243671Kb
 bounds [0x0000000113264000, 0x00000001134d4000, 0x0000000122264000]
 total_blobs=803 nmethods=385 adapters=332
 compilation: enabled

Compilation events (10 events):
Event: 1.344 Thread 0x00007fe245896800  382       1       sun.nio.cs.StreamEncoder::isOpen (5 bytes)
Event: 1.344 Thread 0x00007fe245896800 nmethod 382 0x0000000113460010 code [0x0000000113460160, 0x0000000113460270]
Event: 1.372 Thread 0x00007fe24502c800 nmethod 376 0x0000000113472450 code [0x0000000113472820, 0x0000000113473f00]
Event: 1.439 Thread 0x00007fe245896800  383  s    3       java.io.BufferedOutputStream::flush (12 bytes)
Event: 1.439 Thread 0x00007fe245896800 nmethod 383 0x000000011346bdd0 code [0x000000011346bf60, 0x000000011346c458]
Event: 1.439 Thread 0x00007fe245896800  384       3       java.io.BufferedOutputStream::flushBuffer (29 bytes)
Event: 1.440 Thread 0x00007fe245896800 nmethod 384 0x000000011346b910 code [0x000000011346ba80, 0x000000011346bd08]
Event: 1.440 Thread 0x00007fe245896800  385       3       java.io.OutputStream::flush (1 bytes)
Event: 1.440 Thread 0x00007fe245896800 nmethod 385 0x000000011346b610 code [0x000000011346b760, 0x000000011346b8b0]
Event: 1.470 Thread 0x00007fe245896800  386       3       sun.nio.cs.UTF_8$Encoder::encodeArrayLoop (489 bytes)

GC Heap History (0 events):
No events

Deoptimization events (0 events):
No events

Internal exceptions (4 events):
Event: 0.089 Thread 0x00007fe245807800 Exception <a 'java/lang/NoSuchMethodError': Method sun.misc.Unsafe.defineClass(Ljava/lang/String;[BII)Ljava/lang/Class; name or signature does not match> (0x0000000795587ca8) thrown at [/Users/java_re/workspace/8-2-build-macosx-x86_64/jdk8u131/8869/hotspo
Event: 0.089 Thread 0x00007fe245807800 Exception <a 'java/lang/NoSuchMethodError': Method sun.misc.Unsafe.prefetchRead(Ljava/lang/Object;J)V name or signature does not match> (0x0000000795587f90) thrown at [/Users/java_re/workspace/8-2-build-macosx-x86_64/jdk8u131/8869/hotspot/src/share/vm/pri
Event: 0.743 Thread 0x00007fe245807800 Exception <a 'java/lang/NoSuchFieldError': method resolution failed> (0x0000000795b3bb60) thrown at [/Users/java_re/workspace/8-2-build-macosx-x86_64/jdk8u131/8869/hotspot/src/share/vm/prims/methodHandles.cpp, line 1146]
Event: 0.748 Thread 0x00007fe245807800 Exception <a 'java/lang/NoSuchFieldError': method resolution failed> (0x0000000795b49a08) thrown at [/Users/java_re/workspace/8-2-build-macosx-x86_64/jdk8u131/8869/hotspot/src/share/vm/prims/methodHandles.cpp, line 1146]

Events (10 events):
Event: 1.319 Thread 0x00007fe245807800 DEOPT UNPACKING pc=0x00000001132ab633 sp=0x0000700007c334b0 mode 0
Event: 1.320 Thread 0x00007fe245807800 DEOPT PACKING pc=0x0000000113451493 sp=0x0000700007c33770
Event: 1.320 Thread 0x00007fe245807800 DEOPT UNPACKING pc=0x00000001132ab633 sp=0x0000700007c334b0 mode 0
Event: 1.470 Thread 0x00007fe245807800 Thread exited: 0x00007fe245807800
Event: 1.470 Thread 0x00007fe2441c7800 Thread added: 0x00007fe2441c7800
Event: 1.471 loading class java/lang/Shutdown
Event: 1.471 loading class java/lang/Shutdown done
Event: 1.471 loading class java/lang/Shutdown$Lock
Event: 1.471 loading class java/lang/Shutdown$Lock done
Event: 1.471 Thread 0x00007fe2441c7800 Thread exited: 0x00007fe2441c7800


Dynamic libraries:
0x0000000002fe1000 	/System/Library/Frameworks/Cocoa.framework/Versions/A/Cocoa
0x0000000002fe1000 	/System/Library/Frameworks/Security.framework/Versions/A/Security
0x0000000002fe1000 	/System/Library/Frameworks/ApplicationServices.framework/Versions/A/ApplicationServices
0x0000000002fe1000 	/usr/lib/libz.1.dylib
0x0000000002fe1000 	/usr/lib/libSystem.B.dylib
0x0000000002fe1000 	/usr/lib/libobjc.A.dylib
0x0000000002fe1000 	/System/Library/Frameworks/CoreFoundation.framework/Versions/A/CoreFoundation
0x0000000002fe1000 	/System/Library/Frameworks/Foundation.framework/Versions/C/Foundation
0x0000000002fe1000 	/System/Library/Frameworks/AppKit.framework/Versions/C/AppKit
0x0000000002fe1000 	/System/Library/Frameworks/CoreData.framework/Versions/A/CoreData
0x0000000002fe1000 	/System/Library/PrivateFrameworks/RemoteViewServices.framework/Versions/A/RemoteViewServices
0x0000000002fe1000 	/System/Library/PrivateFrameworks/UIFoundation.framework/Versions/A/UIFoundation
0x0000000002fe1000 	/System/Library/PrivateFrameworks/DFRFoundation.framework/Versions/A/DFRFoundation
0x0000000002fe1000 	/System/Library/Frameworks/Metal.framework/Versions/A/Metal
0x0000000002fe1000 	/System/Library/PrivateFrameworks/DesktopServicesPriv.framework/Versions/A/DesktopServicesPriv
0x0000000002fe1000 	/usr/lib/libenergytrace.dylib
0x0000000002fe1000 	/System/Library/PrivateFrameworks/SkyLight.framework/Versions/A/SkyLight
0x0000000002fe1000 	/System/Library/Frameworks/CoreGraphics.framework/Versions/A/CoreGraphics
0x0000000002fe1000 	/usr/lib/libScreenReader.dylib
0x0000000002fe1000 	/System/Library/Frameworks/Accelerate.framework/Versions/A/Accelerate
0x0000000002fe1000 	/System/Library/Frameworks/IOSurface.framework/Versions/A/IOSurface
0x0000000002fe1000 	/System/Library/Frameworks/AudioToolbox.framework/Versions/A/AudioToolbox
0x0000000002fe1000 	/System/Library/Frameworks/AudioUnit.framework/Versions/A/AudioUnit
0x0000000002fe1000 	/System/Library/PrivateFrameworks/DataDetectorsCore.framework/Versions/A/DataDetectorsCore
0x0000000002fe1000 	/System/Library/Frameworks/Carbon.framework/Versions/A/Frameworks/HIToolbox.framework/Versions/A/HIToolbox
0x0000000002fe1000 	/usr/lib/libicucore.A.dylib
0x0000000002fe1000 	/System/Library/Frameworks/QuartzCore.framework/Versions/A/QuartzCore
0x0000000002fe1000 	/System/Library/PrivateFrameworks/SignpostNotification.framework/Versions/A/SignpostNotification
0x0000000002fe1000 	/System/Library/Frameworks/Carbon.framework/Versions/A/Frameworks/SpeechRecognition.framework/Versions/A/SpeechRecognition
0x0000000002fe1000 	/usr/lib/libauto.dylib
0x0000000002fe1000 	/usr/lib/libxml2.2.dylib
0x0000000002fe1000 	/System/Library/PrivateFrameworks/CoreUI.framework/Versions/A/CoreUI
0x0000000002fe1000 	/System/Library/Frameworks/CoreAudio.framework/Versions/A/CoreAudio
0x0000000002fe1000 	/System/Library/Frameworks/DiskArbitration.framework/Versions/A/DiskArbitration
0x0000000002fe1000 	/usr/lib/liblangid.dylib
0x0000000002fe1000 	/System/Library/PrivateFrameworks/MultitouchSupport.framework/Versions/A/MultitouchSupport
0x0000000002fe1000 	/System/Library/Frameworks/IOKit.framework/Versions/A/IOKit
0x0000000002fe1000 	/usr/lib/libDiagnosticMessagesClient.dylib
0x0000000002fe1000 	/System/Library/Frameworks/CoreServices.framework/Versions/A/CoreServices
0x0000000002fe1000 	/System/Library/PrivateFrameworks/PerformanceAnalysis.framework/Versions/A/PerformanceAnalysis
0x0000000002fe1000 	/System/Library/Frameworks/OpenGL.framework/Versions/A/OpenGL
0x0000000002fe1000 	/System/Library/Frameworks/ColorSync.framework/Versions/A/ColorSync
0x0000000002fe1000 	/System/Library/Frameworks/CoreImage.framework/Versions/A/CoreImage
0x0000000002fe1000 	/System/Library/Frameworks/CoreText.framework/Versions/A/CoreText
0x0000000002fe1000 	/System/Library/Frameworks/ImageIO.framework/Versions/A/ImageIO
0x0000000002fe1000 	/System/Library/PrivateFrameworks/Backup.framework/Versions/A/Backup
0x0000000002fe1000 	/usr/lib/libarchive.2.dylib
0x0000000002fe1000 	/System/Library/Frameworks/CFNetwork.framework/Versions/A/CFNetwork
0x0000000002fe1000 	/System/Library/Frameworks/SystemConfiguration.framework/Versions/A/SystemConfiguration
0x0000000002fe1000 	/usr/lib/libCRFSuite.dylib
0x0000000002fe1000 	/usr/lib/libc++.1.dylib
0x0000000002fe1000 	/usr/lib/libc++abi.dylib
0x0000000002fe1000 	/usr/lib/system/libcache.dylib
0x0000000002fe1000 	/usr/lib/system/libcommonCrypto.dylib
0x0000000002fe1000 	/usr/lib/system/libcompiler_rt.dylib
0x0000000002fe1000 	/usr/lib/system/libcopyfile.dylib
0x0000000002fe1000 	/usr/lib/system/libcorecrypto.dylib
0x0000000002fe1000 	/usr/lib/system/libdispatch.dylib
0x0000000002fe1000 	/usr/lib/system/libdyld.dylib
0x0000000002fe1000 	/usr/lib/system/libkeymgr.dylib
0x0000000002fe1000 	/usr/lib/system/liblaunch.dylib
0x0000000002fe1000 	/usr/lib/system/libmacho.dylib
0x0000000002fe1000 	/usr/lib/system/libquarantine.dylib
0x0000000002fe1000 	/usr/lib/system/libremovefile.dylib
0x0000000002fe1000 	/usr/lib/system/libsystem_asl.dylib
0x0000000002fe1000 	/usr/lib/system/libsystem_blocks.dylib
0x0000000002fe1000 	/usr/lib/system/libsystem_c.dylib
0x0000000002fe1000 	/usr/lib/system/libsystem_configuration.dylib
0x0000000002fe1000 	/usr/lib/system/libsystem_coreservices.dylib
0x0000000002fe1000 	/usr/lib/system/libsystem_darwin.dylib
0x0000000002fe1000 	/usr/lib/system/libsystem_dnssd.dylib
0x0000000002fe1000 	/usr/lib/system/libsystem_info.dylib
0x0000000002fe1000 	/usr/lib/system/libsystem_m.dylib
0x0000000002fe1000 	/usr/lib/system/libsystem_malloc.dylib
0x0000000002fe1000 	/usr/lib/system/libsystem_network.dylib
0x0000000002fe1000 	/usr/lib/system/libsystem_networkextension.dylib
0x0000000002fe1000 	/usr/lib/system/libsystem_notify.dylib
0x0000000002fe1000 	/usr/lib/system/libsystem_sandbox.dylib
0x0000000002fe1000 	/usr/lib/system/libsystem_secinit.dylib
0x0000000002fe1000 	/usr/lib/system/libsystem_kernel.dylib
0x0000000002fe1000 	/usr/lib/system/libsystem_platform.dylib
0x0000000002fe1000 	/usr/lib/system/libsystem_pthread.dylib
0x0000000002fe1000 	/usr/lib/system/libsystem_symptoms.dylib
0x0000000002fe1000 	/usr/lib/system/libsystem_trace.dylib
0x0000000002fe1000 	/usr/lib/system/libunwind.dylib
0x0000000002fe1000 	/usr/lib/system/libxpc.dylib
0x0000000002fe1000 	/usr/lib/closure/libclosured.dylib
0x0000000002fe1000 	/usr/lib/libbsm.0.dylib
0x0000000002fe1000 	/usr/lib/system/libkxld.dylib
0x0000000002fe1000 	/usr/lib/libOpenScriptingUtil.dylib
0x0000000002fe1000 	/usr/lib/libcoretls.dylib
0x0000000002fe1000 	/usr/lib/libcoretls_cfhelpers.dylib
0x0000000002fe1000 	/usr/lib/libpam.2.dylib
0x0000000002fe1000 	/usr/lib/libsqlite3.dylib
0x0000000002fe1000 	/usr/lib/libxar.1.dylib
0x0000000002fe1000 	/usr/lib/libbz2.1.0.dylib
0x0000000002fe1000 	/usr/lib/liblzma.5.dylib
0x0000000002fe1000 	/usr/lib/libnetwork.dylib
0x0000000002fe1000 	/usr/lib/libapple_nghttp2.dylib
0x0000000002fe1000 	/usr/lib/libpcap.A.dylib
0x0000000002fe1000 	/usr/lib/libboringssl.dylib
0x0000000002fe1000 	/usr/lib/libusrtcp.dylib
0x0000000002fe1000 	/usr/lib/libapple_crypto.dylib
0x0000000002fe1000 	/System/Library/Frameworks/CoreServices.framework/Versions/A/Frameworks/FSEvents.framework/Versions/A/FSEvents
0x0000000002fe1000 	/System/Library/Frameworks/CoreServices.framework/Versions/A/Frameworks/CarbonCore.framework/Versions/A/CarbonCore
0x0000000002fe1000 	/System/Library/Frameworks/CoreServices.framework/Versions/A/Frameworks/Metadata.framework/Versions/A/Metadata
0x0000000002fe1000 	/System/Library/Frameworks/CoreServices.framework/Versions/A/Frameworks/OSServices.framework/Versions/A/OSServices
0x0000000002fe1000 	/System/Library/Frameworks/CoreServices.framework/Versions/A/Frameworks/SearchKit.framework/Versions/A/SearchKit
0x0000000002fe1000 	/System/Library/Frameworks/CoreServices.framework/Versions/A/Frameworks/AE.framework/Versions/A/AE
0x0000000002fe1000 	/System/Library/Frameworks/CoreServices.framework/Versions/A/Frameworks/LaunchServices.framework/Versions/A/LaunchServices
0x0000000002fe1000 	/System/Library/Frameworks/CoreServices.framework/Versions/A/Frameworks/DictionaryServices.framework/Versions/A/DictionaryServices
0x0000000002fe1000 	/System/Library/Frameworks/CoreServices.framework/Versions/A/Frameworks/SharedFileList.framework/Versions/A/SharedFileList
0x0000000002fe1000 	/System/Library/Frameworks/NetFS.framework/Versions/A/NetFS
0x0000000002fe1000 	/System/Library/PrivateFrameworks/NetAuth.framework/Versions/A/NetAuth
0x0000000002fe1000 	/System/Library/PrivateFrameworks/login.framework/Versions/A/Frameworks/loginsupport.framework/Versions/A/loginsupport
0x0000000002fe1000 	/System/Library/PrivateFrameworks/TCC.framework/Versions/A/TCC
0x0000000002fe1000 	/usr/lib/libmecabra.dylib
0x0000000002fe1000 	/System/Library/Frameworks/ApplicationServices.framework/Versions/A/Frameworks/ATS.framework/Versions/A/ATS
0x0000000002fe1000 	/System/Library/Frameworks/ApplicationServices.framework/Versions/A/Frameworks/ColorSyncLegacy.framework/Versions/A/ColorSyncLegacy
0x0000000002fe1000 	/System/Library/Frameworks/ApplicationServices.framework/Versions/A/Frameworks/HIServices.framework/Versions/A/HIServices
0x0000000002fe1000 	/System/Library/Frameworks/ApplicationServices.framework/Versions/A/Frameworks/LangAnalysis.framework/Versions/A/LangAnalysis
0x0000000002fe1000 	/System/Library/Frameworks/ApplicationServices.framework/Versions/A/Frameworks/PrintCore.framework/Versions/A/PrintCore
0x0000000002fe1000 	/System/Library/Frameworks/ApplicationServices.framework/Versions/A/Frameworks/QD.framework/Versions/A/QD
0x0000000002fe1000 	/System/Library/Frameworks/ApplicationServices.framework/Versions/A/Frameworks/SpeechSynthesis.framework/Versions/A/SpeechSynthesis
0x0000000002fe1000 	/System/Library/Frameworks/CoreDisplay.framework/Versions/A/CoreDisplay
0x0000000002fe1000 	/System/Library/Frameworks/Accelerate.framework/Versions/A/Frameworks/vImage.framework/Versions/A/vImage
0x0000000002fe1000 	/System/Library/Frameworks/Accelerate.framework/Versions/A/Frameworks/vecLib.framework/Versions/A/vecLib
0x0000000002fe1000 	/System/Library/Frameworks/Accelerate.framework/Versions/A/Frameworks/vecLib.framework/Versions/A/libvDSP.dylib
0x0000000002fe1000 	/System/Library/Frameworks/Accelerate.framework/Versions/A/Frameworks/vecLib.framework/Versions/A/libBNNS.dylib
0x0000000002fe1000 	/System/Library/Frameworks/Accelerate.framework/Versions/A/Frameworks/vecLib.framework/Versions/A/libQuadrature.dylib
0x0000000002fe1000 	/System/Library/Frameworks/Accelerate.framework/Versions/A/Frameworks/vecLib.framework/Versions/A/libvMisc.dylib
0x0000000002fe1000 	/System/Library/Frameworks/Accelerate.framework/Versions/A/Frameworks/vecLib.framework/Versions/A/libLAPACK.dylib
0x0000000002fe1000 	/System/Library/Frameworks/Accelerate.framework/Versions/A/Frameworks/vecLib.framework/Versions/A/libBLAS.dylib
0x0000000002fe1000 	/System/Library/Frameworks/Accelerate.framework/Versions/A/Frameworks/vecLib.framework/Versions/A/libLinearAlgebra.dylib
0x0000000002fe1000 	/System/Library/Frameworks/Accelerate.framework/Versions/A/Frameworks/vecLib.framework/Versions/A/libSparse.dylib
0x0000000002fe1000 	/System/Library/Frameworks/Accelerate.framework/Versions/A/Frameworks/vecLib.framework/Versions/A/libSparseBLAS.dylib
0x0000000002fe1000 	/System/Library/PrivateFrameworks/GPUWrangler.framework/Versions/A/GPUWrangler
0x0000000002fe1000 	/System/Library/PrivateFrameworks/IOAccelerator.framework/Versions/A/IOAccelerator
0x0000000002fe1000 	/System/Library/PrivateFrameworks/IOPresentment.framework/Versions/A/IOPresentment
0x0000000002fe1000 	/System/Library/PrivateFrameworks/DSExternalDisplay.framework/Versions/A/DSExternalDisplay
0x0000000002fe1000 	/System/Library/Frameworks/OpenGL.framework/Versions/A/Libraries/libCoreFSCache.dylib
0x0000000002fe1000 	/System/Library/Frameworks/CoreVideo.framework/Versions/A/CoreVideo
0x0000000002fe1000 	/System/Library/PrivateFrameworks/GraphVisualizer.framework/Versions/A/GraphVisualizer
0x0000000002fe1000 	/System/Library/Frameworks/MetalPerformanceShaders.framework/Versions/A/MetalPerformanceShaders
0x0000000002fe1000 	/usr/lib/libFosl_dynamic.dylib
0x0000000002fe1000 	/System/Library/PrivateFrameworks/FaceCore.framework/Versions/A/FaceCore
0x0000000002fe1000 	/System/Library/Frameworks/OpenCL.framework/Versions/A/OpenCL
0x0000000002fe1000 	/usr/lib/libcompression.dylib
0x0000000002fe1000 	/System/Library/Frameworks/ApplicationServices.framework/Versions/A/Frameworks/ATS.framework/Versions/A/Resources/libFontParser.dylib
0x0000000002fe1000 	/System/Library/Frameworks/ApplicationServices.framework/Versions/A/Frameworks/ATS.framework/Versions/A/Resources/libFontRegistry.dylib
0x0000000002fe1000 	/System/Library/Frameworks/ImageIO.framework/Versions/A/Resources/libJPEG.dylib
0x0000000002fe1000 	/System/Library/Frameworks/ImageIO.framework/Versions/A/Resources/libTIFF.dylib
0x0000000002fe1000 	/System/Library/Frameworks/ImageIO.framework/Versions/A/Resources/libPng.dylib
0x0000000002fe1000 	/System/Library/Frameworks/ImageIO.framework/Versions/A/Resources/libGIF.dylib
0x0000000002fe1000 	/System/Library/Frameworks/ImageIO.framework/Versions/A/Resources/libJP2.dylib
0x0000000002fe1000 	/System/Library/Frameworks/ImageIO.framework/Versions/A/Resources/libRadiance.dylib
0x0000000002fe1000 	/System/Library/PrivateFrameworks/AppleJPEG.framework/Versions/A/AppleJPEG
0x0000000002fe1000 	/System/Library/Frameworks/MetalPerformanceShaders.framework/Frameworks/MPSCore.framework/Versions/A/MPSCore
0x0000000002fe1000 	/System/Library/Frameworks/MetalPerformanceShaders.framework/Frameworks/MPSImage.framework/Versions/A/MPSImage
0x0000000002fe1000 	/System/Library/Frameworks/MetalPerformanceShaders.framework/Frameworks/MPSNeuralNetwork.framework/Versions/A/MPSNeuralNetwork
0x0000000002fe1000 	/System/Library/Frameworks/MetalPerformanceShaders.framework/Frameworks/MPSMatrix.framework/Versions/A/MPSMatrix
0x0000000002fe1000 	/System/Library/PrivateFrameworks/MetalTools.framework/Versions/A/MetalTools
0x0000000002fe1000 	/System/Library/Frameworks/OpenGL.framework/Versions/A/Libraries/libGLU.dylib
0x0000000002fe1000 	/System/Library/Frameworks/OpenGL.framework/Versions/A/Libraries/libGFXShared.dylib
0x0000000002fe1000 	/System/Library/Frameworks/OpenGL.framework/Versions/A/Libraries/libGL.dylib
0x0000000002fe1000 	/System/Library/Frameworks/OpenGL.framework/Versions/A/Libraries/libGLImage.dylib
0x0000000002fe1000 	/System/Library/Frameworks/OpenGL.framework/Versions/A/Libraries/libCVMSPluginSupport.dylib
0x0000000002fe1000 	/System/Library/Frameworks/OpenGL.framework/Versions/A/Libraries/libCoreVMClient.dylib
0x0000000002fe1000 	/usr/lib/libcups.2.dylib
0x0000000002fe1000 	/System/Library/Frameworks/Kerberos.framework/Versions/A/Kerberos
0x0000000002fe1000 	/System/Library/Frameworks/GSS.framework/Versions/A/GSS
0x0000000002fe1000 	/usr/lib/libresolv.9.dylib
0x0000000002fe1000 	/usr/lib/libiconv.2.dylib
0x0000000002fe1000 	/System/Library/PrivateFrameworks/Heimdal.framework/Versions/A/Heimdal
0x0000000002fe1000 	/usr/lib/libheimdal-asn1.dylib
0x0000000002fe1000 	/System/Library/Frameworks/OpenDirectory.framework/Versions/A/OpenDirectory
0x0000000002fe1000 	/System/Library/PrivateFrameworks/CommonAuth.framework/Versions/A/CommonAuth
0x0000000002fe1000 	/System/Library/Frameworks/OpenDirectory.framework/Versions/A/Frameworks/CFOpenDirectory.framework/Versions/A/CFOpenDirectory
0x0000000002fe1000 	/System/Library/Frameworks/SecurityFoundation.framework/Versions/A/SecurityFoundation
0x0000000002fe1000 	/System/Library/PrivateFrameworks/APFS.framework/Versions/A/APFS
0x0000000002fe1000 	/usr/lib/libutil.dylib
0x0000000002fe1000 	/System/Library/PrivateFrameworks/AppleSauce.framework/Versions/A/AppleSauce
0x0000000002fe1000 	/System/Library/PrivateFrameworks/LinguisticData.framework/Versions/A/LinguisticData
0x0000000002fe1000 	/usr/lib/libmarisa.dylib
0x0000000002fe1000 	/System/Library/PrivateFrameworks/Lexicon.framework/Versions/A/Lexicon
0x0000000002fe1000 	/usr/lib/libChineseTokenizer.dylib
0x0000000002fe1000 	/usr/lib/libcmph.dylib
0x0000000002fe1000 	/System/Library/PrivateFrameworks/LanguageModeling.framework/Versions/A/LanguageModeling
0x0000000002fe1000 	/System/Library/PrivateFrameworks/CoreEmoji.framework/Versions/A/CoreEmoji
0x0000000002fe1000 	/System/Library/Frameworks/ServiceManagement.framework/Versions/A/ServiceManagement
0x0000000002fe1000 	/System/Library/PrivateFrameworks/BackgroundTaskManagement.framework/Versions/A/BackgroundTaskManagement
0x0000000002fe1000 	/usr/lib/libxslt.1.dylib
0x0000000002fe1000 	/System/Library/Frameworks/Carbon.framework/Versions/A/Frameworks/Ink.framework/Versions/A/Ink
0x0000000002fe1000 	/System/Library/PrivateFrameworks/TextureIO.framework/Versions/A/TextureIO
0x0000000002fe1000 	/usr/lib/libate.dylib
0x0000000002fe1000 	/System/Library/PrivateFrameworks/CrashReporterSupport.framework/Versions/A/CrashReporterSupport
0x0000000002fe1000 	/System/Library/PrivateFrameworks/Sharing.framework/Versions/A/Sharing
0x0000000002fe1000 	/System/Library/PrivateFrameworks/IconServices.framework/Versions/A/IconServices
0x0000000002fe1000 	/System/Library/PrivateFrameworks/Apple80211.framework/Versions/A/Apple80211
0x0000000002fe1000 	/System/Library/PrivateFrameworks/CoreUtils.framework/Versions/A/CoreUtils
0x0000000002fe1000 	/System/Library/Frameworks/CoreWLAN.framework/Versions/A/CoreWLAN
0x0000000002fe1000 	/System/Library/Frameworks/IOBluetooth.framework/Versions/A/IOBluetooth
0x0000000002fe1000 	/System/Library/PrivateFrameworks/ProtocolBuffer.framework/Versions/A/ProtocolBuffer
0x0000000002fe1000 	/System/Library/PrivateFrameworks/CoreWiFi.framework/Versions/A/CoreWiFi
0x0000000002fe1000 	/System/Library/Frameworks/CoreBluetooth.framework/Versions/A/CoreBluetooth
0x0000000002fe1000 	/System/Library/PrivateFrameworks/DebugSymbols.framework/Versions/A/DebugSymbols
0x0000000002fe1000 	/System/Library/PrivateFrameworks/CoreSymbolication.framework/Versions/A/CoreSymbolication
0x0000000002fe1000 	/System/Library/PrivateFrameworks/Symbolication.framework/Versions/A/Symbolication
0x0000000002fe1000 	/System/Library/PrivateFrameworks/AppleFSCompression.framework/Versions/A/AppleFSCompression
0x0000000002fe1000 	/System/Library/PrivateFrameworks/SpeechRecognitionCore.framework/Versions/A/SpeechRecognitionCore
0x000000010ef34000 	/Library/Java/JavaVirtualMachines/jdk1.8.0_131.jdk/Contents/Home/jre/lib/server/libjvm.dylib
0x0000000002fe1000 	/usr/lib/libstdc++.6.0.9.dylib
0x000000010fed7000 	/Library/Java/JavaVirtualMachines/jdk1.8.0_131.jdk/Contents/Home/jre/lib/libverify.dylib
0x000000010fee5000 	/Library/Java/JavaVirtualMachines/jdk1.8.0_131.jdk/Contents/Home/jre/lib/libjava.dylib
0x000000010ff1b000 	/Library/Java/JavaVirtualMachines/jdk1.8.0_131.jdk/Contents/Home/jre/lib/libinstrument.dylib
0x000000010ffb9000 	/Library/Java/JavaVirtualMachines/jdk1.8.0_131.jdk/Contents/Home/jre/lib/libzip.dylib
0x0000000002fe1000 	/System/Library/Frameworks/JavaVM.framework/Versions/A/Frameworks/JavaRuntimeSupport.framework/Versions/A/JavaRuntimeSupport
0x0000000002fe1000 	/System/Library/Frameworks/JavaVM.framework/Versions/A/Frameworks/JavaNativeFoundation.framework/Versions/A/JavaNativeFoundation
0x0000000002fe1000 	/System/Library/Frameworks/JavaVM.framework/Versions/A/JavaVM
0x0000000002fe1000 	/System/Library/Frameworks/Carbon.framework/Versions/A/Carbon
0x0000000002fe1000 	/System/Library/PrivateFrameworks/JavaLaunching.framework/Versions/A/JavaLaunching
0x0000000002fe1000 	/System/Library/Frameworks/Carbon.framework/Versions/A/Frameworks/CommonPanels.framework/Versions/A/CommonPanels
0x0000000002fe1000 	/System/Library/Frameworks/Carbon.framework/Versions/A/Frameworks/Help.framework/Versions/A/Help
0x0000000002fe1000 	/System/Library/Frameworks/Carbon.framework/Versions/A/Frameworks/ImageCapture.framework/Versions/A/ImageCapture
0x0000000002fe1000 	/System/Library/Frameworks/Carbon.framework/Versions/A/Frameworks/OpenScripting.framework/Versions/A/OpenScripting
0x0000000002fe1000 	/System/Library/Frameworks/Carbon.framework/Versions/A/Frameworks/Print.framework/Versions/A/Print
0x0000000002fe1000 	/System/Library/Frameworks/Carbon.framework/Versions/A/Frameworks/SecurityHI.framework/Versions/A/SecurityHI
0x0000000127cbb000 	/Library/Java/JavaVirtualMachines/jdk1.8.0_131.jdk/Contents/Home/jre/lib/libnet.dylib
0x0000000127d1a000 	/Users/avisentin/or-tools/lib/libjniortools.jnilib
0x0000000127ebc000 	/Users/avisentin/or-tools/lib/libortools.dylib

VM Arguments:
jvm_args: -Djava.library.path=/Users/avisentin/or-tools/lib -javaagent:/Applications/IntelliJ IDEA.app/Contents/lib/idea_rt.jar=54317:/Applications/IntelliJ IDEA.app/Contents/bin -Dfile.encoding=UTF-8 
java_command: main
java_class_path (initial): /Library/Java/JavaVirtualMachines/jdk1.8.0_131.jdk/Contents/Home/jre/lib/charsets.jar:/Library/Java/JavaVirtualMachines/jdk1.8.0_131.jdk/Contents/Home/jre/lib/deploy.jar:/Library/Java/JavaVirtualMachines/jdk1.8.0_131.jdk/Contents/Home/jre/lib/ext/cldrdata.jar:/Library/Java/JavaVirtualMachines/jdk1.8.0_131.jdk/Contents/Home/jre/lib/ext/dnsns.jar:/Library/Java/JavaVirtualMachines/jdk1.8.0_131.jdk/Contents/Home/jre/lib/ext/jaccess.jar:/Library/Java/JavaVirtualMachines/jdk1.8.0_131.jdk/Contents/Home/jre/lib/ext/jfxrt.jar:/Library/Java/JavaVirtualMachines/jdk1.8.0_131.jdk/Contents/Home/jre/lib/ext/localedata.jar:/Library/Java/JavaVirtualMachines/jdk1.8.0_131.jdk/Contents/Home/jre/lib/ext/nashorn.jar:/Library/Java/JavaVirtualMachines/jdk1.8.0_131.jdk/Contents/Home/jre/lib/ext/sunec.jar:/Library/Java/JavaVirtualMachines/jdk1.8.0_131.jdk/Contents/Home/jre/lib/ext/sunjce_provider.jar:/Library/Java/JavaVirtualMachines/jdk1.8.0_131.jdk/Contents/Home/jre/lib/ext/sunpkcs11.jar:/Library/Java/JavaVirtualMachines/jdk1.8.0_131.jdk/Contents/Home/jre/lib/ext/zipfs.jar:/Library/Java/JavaVirtualMachines/jdk1.8.0_131.jdk/Contents/Home/jre/lib/javaws.jar:/Library/Java/JavaVirtualMachines/jdk1.8.0_131.jdk/Contents/Home/jre/lib/jce.jar:/Library/Java/JavaVirtualMachines/jdk1.8.0_131.jdk/Contents/Home/jre/lib/jfr.jar:/Library/Java/JavaVirtualMachines/jdk1.8.0_131.jdk/Contents/Home/jre/lib/jfxswt.jar:/Library/Java/JavaVirtualMachines/jdk1.8.0_131.jdk/Contents/Home/jre/lib/jsse.jar:/Library/Java/JavaVirtualMachines/jdk1.8.0_131.jdk/Contents/Home/jre/lib/management-agent.jar:/Library/Java/JavaVirtualMachines/jdk1.8.0_131.jdk/Contents/Home/jre/lib/plugin.jar:/Library/Java/JavaVirtualMachines/jdk1.8.0_131.jdk/Contents/Home/jre/lib/resources.jar:/Library/Java/JavaVirtualMachines/jdk1.8.0_131.jdk/Contents/Home/jre/lib/rt.jar:/Library/Java/JavaVirtualMachines/jdk1.8.0_131.jdk/Contents/Home/lib/ant-javafx.jar:/Library/Java/JavaVirtualMachines/jdk1.8.0_131.jdk/Contents/Home
Launcher Type: SUN_STANDARD

Environment Variables:
PATH=/usr/bin:/bin:/usr/sbin:/sbin
SHELL=/bin/bash
DISPLAY=/private/tmp/com.apple.launchd.LKJ6b8j9mu/org.macosforge.xquartz:0

Signal Handlers:
SIGSEGV: [libjvm.dylib+0x5b1eb1], sa_mask[0]=11111111011111110111111111111111, sa_flags=SA_ONSTACK|SA_RESTART|SA_SIGINFO
SIGBUS: [libjvm.dylib+0x5b1eb1], sa_mask[0]=11111111011111110111111111111111, sa_flags=SA_RESTART|SA_SIGINFO
SIGFPE: [libjvm.dylib+0x488988], sa_mask[0]=11111111011111110111111111111111, sa_flags=SA_RESTART|SA_SIGINFO
SIGPIPE: [libjvm.dylib+0x488988], sa_mask[0]=11111111011111110111111111111111, sa_flags=SA_RESTART|SA_SIGINFO
SIGXFSZ: [libjvm.dylib+0x488988], sa_mask[0]=11111111011111110111111111111111, sa_flags=SA_RESTART|SA_SIGINFO
SIGILL: [libjvm.dylib+0x488988], sa_mask[0]=11111111011111110111111111111111, sa_flags=SA_RESTART|SA_SIGINFO
SIGUSR1: SIG_DFL, sa_mask[0]=00000000000000000000000000000000, sa_flags=none
SIGUSR2: [libjvm.dylib+0x4884a6], sa_mask[0]=00100000000000000000000000000000, sa_flags=SA_RESTART|SA_SIGINFO
SIGHUP: [libjvm.dylib+0x486a7d], sa_mask[0]=11111111011111110111111111111111, sa_flags=SA_RESTART|SA_SIGINFO
SIGINT: [libjvm.dylib+0x486a7d], sa_mask[0]=00000000000000000000000000000000, sa_flags=SA_RESTART
SIGTERM: [libjvm.dylib+0x486a7d], sa_mask[0]=11111111011111110111111111111111, sa_flags=SA_RESTART|SA_SIGINFO
SIGQUIT: [libjvm.dylib+0x486a7d], sa_mask[0]=11111111011111110111111111111111, sa_flags=SA_RESTART|SA_SIGINFO


---------------  S Y S T E M  ---------------

OS:Bsduname:Darwin 17.6.0 Darwin Kernel Version 17.6.0: Tue May  8 15:22:16 PDT 2018; root:xnu-4570.61.1~1/RELEASE_X86_64 x86_64
rlimit: STACK 8192k, CORE 0k, NPROC 709, NOFILE 10240, AS infinity
load average:2.72 2.46 2.56

CPU:total 4 (initial active 4) (2 cores per cpu, 2 threads per core) family 6 model 61 stepping 4, cmov, cx8, fxsr, mmx, sse, sse2, sse3, ssse3, sse4.1, sse4.2, popcnt, avx, avx2, aes, clmul, erms, 3dnowpref, lzcnt, ht, tsc, tscinvbit, bmi1, bmi2, adx

Memory: 4k page, physical 8388608k(182832k free)

/proc/meminfo:


vm_info: Java HotSpot(TM) 64-Bit Server VM (25.131-b11) for bsd-amd64 JRE (1.8.0_131-b11), built on Mar 15 2017 01:32:22 by "java_re" with gcc 4.2.1 (Based on Apple Inc. build 5658) (LLVM build 2336.11.00)

time: Tue Jul  3 14:52:40 2018
elapsed time: 1 seconds (0d 0h 0m 1s)

